# Detector n:     1  
HeBtleAct 
# A_min-A_max    1   41
   41   0.000       0.000    
   40   0.000       0.000    
   39   0.000       0.000    
   38   0.000       0.000    
   37   0.000       0.000    
   36   0.000       0.000    
   35   0.000       0.000    
   34   0.000       0.000    
   33   0.000       0.000    
   32   0.000       0.000    
   31   0.000       0.000    
   30   0.000       0.000    
   29   0.000       0.000    
   28  7.0647E-02  0.7996    
   27  5.8462E-04   1.794    
   26  1.6767E-04   7.518    
   25  3.6172E-05   17.48    
   24  4.7930E-05   12.77    
   23  3.0124E-05   21.87    
   22  1.6667E-05   30.00    
   21  4.4444E-06   39.53    
   20  2.2222E-06   66.14    
   19  2.2222E-06   66.14    
   18   0.000       0.000    
   17   0.000       0.000    
   16  2.2222E-06   66.14    
   15   0.000       0.000    
   14   0.000       0.000    
   13  1.1111E-06   99.00    
   12   0.000       0.000    
   11   0.000       0.000    
   10   0.000       0.000    
    9   0.000       0.000    
    8   0.000       0.000    
    7   0.000       0.000    
    6   0.000       0.000    
    5   0.000       0.000    
    4  7.2853E-05   17.72    
    3  2.2222E-06   66.14    
    2  2.9721E-05   14.34    
    1  2.9909E-04   7.471    
 # Z_min-Z_max 1 17
   17   0.000       0.000    
   16   0.000       0.000    
   15   0.000       0.000    
   14   0.000       0.000    
   13  7.1230E-02  0.7865    
   12  2.2896E-04   7.022    
   11  6.0276E-05   10.70    
   10  1.6667E-05   28.28    
    9  3.3333E-06   50.00    
    8  2.2222E-06   66.14    
    7   0.000       0.000    
    6  1.1111E-06   99.00    
    5   0.000       0.000    
    4   0.000       0.000    
    3   0.000       0.000    
    2  7.3964E-05   17.20    
    1  3.2992E-04   6.040    
# A/Z Isotopes:
   28    7   0.000       0.000    
   28    8   0.000       0.000    
   28    9   0.000       0.000    
   28   10   0.000       0.000    
   28   11   0.000       0.000    
   28   12   0.000       0.000    
   28   13  7.0647E-02  0.7996    
   28   14   0.000       0.000    
   28   15   0.000       0.000    
   28   16   0.000       0.000    
   28   17   0.000       0.000    
   27    7   0.000       0.000    
   27    8   0.000       0.000    
   27    9   0.000       0.000    
   27   10   0.000       0.000    
   27   11   0.000       0.000    
   27   12  3.4190E-05   10.35    
   27   13  5.5043E-04   1.966    
   27   14   0.000       0.000    
   27   15   0.000       0.000    
   27   16   0.000       0.000    
   27   17   0.000       0.000    
   26    7   0.000       0.000    
   26    8   0.000       0.000    
   26    9   0.000       0.000    
   26   10   0.000       0.000    
   26   11   0.000       0.000    
   26   12  1.3527E-04   7.749    
   26   13  3.2400E-05   19.66    
   26   14   0.000       0.000    
   26   15   0.000       0.000    
   26   16   0.000       0.000    
   26   17   0.000       0.000    
   25    7   0.000       0.000    
   25    8   0.000       0.000    
   25    9   0.000       0.000    
   25   10   0.000       0.000    
   25   11  1.1111E-06   99.00    
   25   12  3.5061E-05   18.07    
   25   13   0.000       0.000    
   25   14   0.000       0.000    
   25   15   0.000       0.000    
   25   16   0.000       0.000    
   25   17   0.000       0.000    
   24    7   0.000       0.000    
   24    8   0.000       0.000    
   24    9   0.000       0.000    
   24   10   0.000       0.000    
   24   11  2.3485E-05   9.622    
   24   12  2.4444E-05   27.37    
   24   13   0.000       0.000    
   24   14   0.000       0.000    
   24   15   0.000       0.000    
   24   16   0.000       0.000    
   24   17   0.000       0.000    
   23    7   0.000       0.000    
   23    8   0.000       0.000    
   23    9   0.000       0.000    
   23   10   0.000       0.000    
   23   11  3.0124E-05   21.87    
   23   12   0.000       0.000    
   23   13   0.000       0.000    
   23   14   0.000       0.000    
   23   15   0.000       0.000    
   23   16   0.000       0.000    
   23   17   0.000       0.000    
   22    7   0.000       0.000    
   22    8   0.000       0.000    
   22    9   0.000       0.000    
   22   10  1.1111E-05   31.62    
   22   11  5.5556E-06   43.59    
   22   12   0.000       0.000    
   22   13   0.000       0.000    
   22   14   0.000       0.000    
   22   15   0.000       0.000    
   22   16   0.000       0.000    
   22   17   0.000       0.000    
   21    7   0.000       0.000    
   21    8   0.000       0.000    
   21    9   0.000       0.000    
   21   10  4.4444E-06   39.53    
   21   11   0.000       0.000    
   21   12   0.000       0.000    
   21   13   0.000       0.000    
   21   14   0.000       0.000    
   21   15   0.000       0.000    
   21   16   0.000       0.000    
   21   17   0.000       0.000    
   20    7   0.000       0.000    
   20    8   0.000       0.000    
   20    9  1.1111E-06   99.00    
   20   10  1.1111E-06   99.00    
   20   11   0.000       0.000    
   20   12   0.000       0.000    
   20   13   0.000       0.000    
   20   14   0.000       0.000    
   20   15   0.000       0.000    
   20   16   0.000       0.000    
   20   17   0.000       0.000    
   19    7   0.000       0.000    
   19    8   0.000       0.000    
   19    9  2.2222E-06   66.14    
   19   10   0.000       0.000    
   19   11   0.000       0.000    
   19   12   0.000       0.000    
   19   13   0.000       0.000    
   19   14   0.000       0.000    
   19   15   0.000       0.000    
   19   16   0.000       0.000    
   19   17   0.000       0.000    
   18    7   0.000       0.000    
   18    8   0.000       0.000    
   18    9   0.000       0.000    
   18   10   0.000       0.000    
   18   11   0.000       0.000    
   18   12   0.000       0.000    
   18   13   0.000       0.000    
   18   14   0.000       0.000    
   18   15   0.000       0.000    
   18   16   0.000       0.000    
   18   17   0.000       0.000    
   17    7   0.000       0.000    
   17    8   0.000       0.000    
   17    9   0.000       0.000    
   17   10   0.000       0.000    
   17   11   0.000       0.000    
   17   12   0.000       0.000    
   17   13   0.000       0.000    
   17   14   0.000       0.000    
   17   15   0.000       0.000    
   17   16   0.000       0.000    
   17   17   0.000       0.000    
   16    7   0.000       0.000    
   16    8  2.2222E-06   66.14    
   16    9   0.000       0.000    
   16   10   0.000       0.000    
   16   11   0.000       0.000    
   16   12   0.000       0.000    
   16   13   0.000       0.000    
   16   14   0.000       0.000    
   16   15   0.000       0.000    
   16   16   0.000       0.000    
   16   17   0.000       0.000    
   13    1   0.000       0.000    
   13    2   0.000       0.000    
   13    3   0.000       0.000    
   13    4   0.000       0.000    
   13    5   0.000       0.000    
   13    6  1.1111E-06   99.00    
   12    1   0.000       0.000    
   12    2   0.000       0.000    
   12    3   0.000       0.000    
   12    4   0.000       0.000    
   12    5   0.000       0.000    
   12    6   0.000       0.000    
   11    1   0.000       0.000    
   11    2   0.000       0.000    
   11    3   0.000       0.000    
   11    4   0.000       0.000    
   11    5   0.000       0.000    
   11    6   0.000       0.000    
   10    1   0.000       0.000    
   10    2   0.000       0.000    
   10    3   0.000       0.000    
   10    4   0.000       0.000    
   10    5   0.000       0.000    
   10    6   0.000       0.000    
    9    1   0.000       0.000    
    9    2   0.000       0.000    
    9    3   0.000       0.000    
    9    4   0.000       0.000    
    9    5   0.000       0.000    
    9    6   0.000       0.000    
    8    1   0.000       0.000    
    8    2   0.000       0.000    
    8    3   0.000       0.000    
    8    4   0.000       0.000    
    8    5   0.000       0.000    
    8    6   0.000       0.000    
    7    1   0.000       0.000    
    7    2   0.000       0.000    
    7    3   0.000       0.000    
    7    4   0.000       0.000    
    7    5   0.000       0.000    
    7    6   0.000       0.000    
    6    1   0.000       0.000    
    6    2   0.000       0.000    
    6    3   0.000       0.000    
    6    4   0.000       0.000    
    6    5   0.000       0.000    
    6    6   0.000       0.000    
    5    1   0.000       0.000    
    5    2   0.000       0.000    
    5    3   0.000       0.000    
    5    4   0.000       0.000    
    5    5   0.000       0.000    
    5    6   0.000       0.000    
    4    1   0.000       0.000    
    4    2  7.2853E-05   17.72    
    4    3   0.000       0.000    
    4    4   0.000       0.000    
    4    5   0.000       0.000    
    4    6   0.000       0.000    
    3    1  1.1111E-06   99.00    
    3    2  1.1111E-06   99.00    
    3    3   0.000       0.000    
    3    4   0.000       0.000    
    3    5   0.000       0.000    
    3    6   0.000       0.000    
    2    1  2.9721E-05   14.34    
    2    2   0.000       0.000    
    2    3   0.000       0.000    
    2    4   0.000       0.000    
    2    5   0.000       0.000    
    2    6   0.000       0.000    
    1    1  2.9909E-04   7.471    
    1    2   0.000       0.000    
    1    3   0.000       0.000    
    1    4   0.000       0.000    
    1    5   0.000       0.000    
    1    6   0.000       0.000    
