  **** ucn_23.rnc ****


  Total primaries run:          875000

    Total weight of the primaries run:  875000.


  Detector n:  1  HeBtleAct 
     (Region 13 Volume:    1. cmc,
      distr. type  : 3   ,
      Z_max: 17, N-Z_max: 7, N-Z_min: -4)

     Tot. response (n/cmc/pr)  0.0508905761  +/-  0.851131797 %
     ( --> Nuclei/pr           0.0508905761  +/-  0.851131797 % )

  **** Isotope Yield as a function of Mass Number ****
  ****            (nuclei / cmc / pr)             ****


  A_min: 1 -  A_max: 41

  A:           28  4.8910553E-02 +/-   8.5172769E-01 %
  A:           27  1.0199254E-03 +/-   2.5004979E+00 %
  A:           26  2.1569478E-04 +/-   6.3935170E+00 %
  A:           25  5.8285715E-05 +/-   1.7880143E+01 %
  A:           24  7.2622733E-05 +/-   1.0334681E+01 %
  A:           23  3.5221287E-05 +/-   1.3061039E+01 %
  A:           22  1.8285714E-05 +/-   2.2198839E+01 %
  A:           21  9.1428571E-06 +/-   3.0223526E+01 %
  A:           20  5.7142857E-06 +/-   3.7210420E+01 %
  A:           18  3.4285714E-06 +/-   7.2205784E+01 %
  A:           17  1.1428571E-06 +/-   9.9000000E+01 %
  A:           16  3.4285714E-06 +/-   5.3108500E+01 %
  A:           15  1.1428571E-06 +/-   9.9000000E+01 %
  A:           12  2.2857143E-06 +/-   6.7936622E+01 %
  A:            4  1.1916116E-04 +/-   8.5426673E+00 %
  A:            3  1.0333353E-05 +/-   3.1071813E+01 %
  A:            2  3.3888804E-05 +/-   1.9471797E+01 %
  A:            1  3.7031718E-04 +/-   5.3203987E+00 %

  **** Isotope Yield as a function of Atomic Number ****
  ****            (nuclei / cmc / pr)               ****


  Z_min: 1 -  Z_max: 17

  Z:           14  1.1428571E-06 +/-   9.9000000E+01 %
  Z:           13  4.9936928E-02 +/-   8.5586618E-01 %
  Z:           12  2.9724476E-04 +/-   4.6186685E+00 %
  Z:           11  8.1558306E-05 +/-   9.3082889E+00 %
  Z:           10  2.7428571E-05 +/-   1.5504342E+01 %
  Z:            9  2.2857143E-06 +/-   6.7936622E+01 %
  Z:            8  6.8571428E-06 +/-   4.7140452E+01 %
  Z:            7  1.1428571E-06 +/-   9.9000000E+01 %
  Z:            6  2.2857143E-06 +/-   6.7936622E+01 %
  Z:            2  1.1916116E-04 +/-   8.5426673E+00 %
  Z:            1  4.1453933E-04 +/-   5.4087040E+00 %

  **** Residual nuclei distribution  ****
  ****    (nuclei / cmc / pr)        ****



  A \ Z    7          8          9         10         11         12         13         14         15         16         17
  28   0.00E+00   0.00E+00   0.00E+00   0.00E+00   0.00E+00   0.00E+00   4.89E-02   0.00E+00   0.00E+00   0.00E+00   0.00E+00
      +/- 0.0 %  +/- 0.0 %  +/- 0.0 %  +/- 0.0 %  +/- 0.0 %  +/- 0.0 %  +/- 0.9 %  +/- 0.0 %  +/- 0.0 %  +/- 0.0 %  +/- 0.0 %
  27   0.00E+00   0.00E+00   0.00E+00   0.00E+00   0.00E+00   3.91E-05   9.80E-04   1.14E-06   0.00E+00   0.00E+00   0.00E+00
      +/- 0.0 %  +/- 0.0 %  +/- 0.0 %  +/- 0.0 %  +/- 0.0 %  +/-13.3 %  +/- 2.7 %  +/-99.0 %  +/- 0.0 %  +/- 0.0 %  +/- 0.0 %
  26   0.00E+00   0.00E+00   0.00E+00   0.00E+00   0.00E+00   1.71E-04   4.44E-05   0.00E+00   0.00E+00   0.00E+00   0.00E+00
      +/- 0.0 %  +/- 0.0 %  +/- 0.0 %  +/- 0.0 %  +/- 0.0 %  +/- 6.6 %  +/-15.4 %  +/- 0.0 %  +/- 0.0 %  +/- 0.0 %  +/- 0.0 %
  25   0.00E+00   0.00E+00   0.00E+00   0.00E+00   3.43E-06   5.26E-05   2.29E-06   0.00E+00   0.00E+00   0.00E+00   0.00E+00
      +/- 0.0 %  +/- 0.0 %  +/- 0.0 %  +/- 0.0 %  +/-72.2 %  +/-17.0 %  +/-67.9 %  +/- 0.0 %  +/- 0.0 %  +/- 0.0 %  +/- 0.0 %
  24   0.00E+00   0.00E+00   0.00E+00   0.00E+00   3.83E-05   3.43E-05   0.00E+00   0.00E+00   0.00E+00   0.00E+00   0.00E+00
      +/- 0.0 %  +/- 0.0 %  +/- 0.0 %  +/- 0.0 %  +/-12.0 %  +/-16.1 %  +/- 0.0 %  +/- 0.0 %  +/- 0.0 %  +/- 0.0 %  +/- 0.0 %
  23   0.00E+00   0.00E+00   0.00E+00   0.00E+00   3.52E-05   0.00E+00   0.00E+00   0.00E+00   0.00E+00   0.00E+00   0.00E+00
      +/- 0.0 %  +/- 0.0 %  +/- 0.0 %  +/- 0.0 %  +/-13.1 %  +/- 0.0 %  +/- 0.0 %  +/- 0.0 %  +/- 0.0 %  +/- 0.0 %  +/- 0.0 %
  22   0.00E+00   0.00E+00   0.00E+00   1.37E-05   4.57E-06   0.00E+00   0.00E+00   0.00E+00   0.00E+00   0.00E+00   0.00E+00
      +/- 0.0 %  +/- 0.0 %  +/- 0.0 %  +/-29.6 %  +/-43.9 %  +/- 0.0 %  +/- 0.0 %  +/- 0.0 %  +/- 0.0 %  +/- 0.0 %  +/- 0.0 %
  21   0.00E+00   0.00E+00   1.14E-06   8.00E-06   0.00E+00   0.00E+00   0.00E+00   0.00E+00   0.00E+00   0.00E+00   0.00E+00
      +/- 0.0 %  +/- 0.0 %  +/-99.0 %  +/-27.7 %  +/- 0.0 %  +/- 0.0 %  +/- 0.0 %  +/- 0.0 %  +/- 0.0 %  +/- 0.0 %  +/- 0.0 %
  20   0.00E+00   0.00E+00   0.00E+00   5.71E-06   0.00E+00   0.00E+00   0.00E+00   0.00E+00   0.00E+00   0.00E+00   0.00E+00
      +/- 0.0 %  +/- 0.0 %  +/- 0.0 %  +/-37.2 %  +/- 0.0 %  +/- 0.0 %  +/- 0.0 %  +/- 0.0 %  +/- 0.0 %  +/- 0.0 %  +/- 0.0 %
  18   0.00E+00   2.29E-06   1.14E-06   0.00E+00   0.00E+00   0.00E+00   0.00E+00   0.00E+00   0.00E+00   0.00E+00   0.00E+00
      +/- 0.0 %  +/-99.0 %  +/-99.0 %  +/- 0.0 %  +/- 0.0 %  +/- 0.0 %  +/- 0.0 %  +/- 0.0 %  +/- 0.0 %  +/- 0.0 %  +/- 0.0 %
  17   0.00E+00   1.14E-06   0.00E+00   0.00E+00   0.00E+00   0.00E+00   0.00E+00   0.00E+00   0.00E+00   0.00E+00   0.00E+00
      +/- 0.0 %  +/-99.0 %  +/- 0.0 %  +/- 0.0 %  +/- 0.0 %  +/- 0.0 %  +/- 0.0 %  +/- 0.0 %  +/- 0.0 %  +/- 0.0 %  +/- 0.0 %
  16   0.00E+00   3.43E-06   0.00E+00   0.00E+00   0.00E+00   0.00E+00   0.00E+00   0.00E+00   0.00E+00   0.00E+00   0.00E+00
      +/- 0.0 %  +/-53.1 %  +/- 0.0 %  +/- 0.0 %  +/- 0.0 %  +/- 0.0 %  +/- 0.0 %  +/- 0.0 %  +/- 0.0 %  +/- 0.0 %  +/- 0.0 %
  15   1.14E-06   0.00E+00   0.00E+00   0.00E+00   0.00E+00   0.00E+00   0.00E+00   0.00E+00   0.00E+00   0.00E+00   0.00E+00
      +/-99.0 %  +/- 0.0 %  +/- 0.0 %  +/- 0.0 %  +/- 0.0 %  +/- 0.0 %  +/- 0.0 %  +/- 0.0 %  +/- 0.0 %  +/- 0.0 %  +/- 0.0 %

  A \ Z    1          2          3          4          5          6
  12   0.00E+00   0.00E+00   0.00E+00   0.00E+00   0.00E+00   2.29E-06
      +/- 0.0 %  +/- 0.0 %  +/- 0.0 %  +/- 0.0 %  +/- 0.0 %  +/-67.9 %
   4   0.00E+00   1.19E-04   0.00E+00   0.00E+00   0.00E+00   0.00E+00
      +/- 0.0 %  +/- 8.5 %  +/- 0.0 %  +/- 0.0 %  +/- 0.0 %  +/- 0.0 %
   3   1.03E-05   0.00E+00   0.00E+00   0.00E+00   0.00E+00   0.00E+00
      +/-31.1 %  +/- 0.0 %  +/- 0.0 %  +/- 0.0 %  +/- 0.0 %  +/- 0.0 %
   2   3.39E-05   0.00E+00   0.00E+00   0.00E+00   0.00E+00   0.00E+00
      +/-19.5 %  +/- 0.0 %  +/- 0.0 %  +/- 0.0 %  +/- 0.0 %  +/- 0.0 %
   1   3.70E-04   0.00E+00   0.00E+00   0.00E+00   0.00E+00   0.00E+00
      +/- 5.3 %  +/- 0.0 %  +/- 0.0 %  +/- 0.0 %  +/- 0.0 %  +/- 0.0 %


