  **** ucn_22.cll ****


  Total primaries run:         1000000

    Total weight of the primaries run:   1000000.00    


  Detector n:            1   HeIIcoll  
     (Volume:          1.00000000      cmc,
      distr. scored:           8    ,
      from reg.          15  )

     Tot. response (p/cmq/pr)   22.39645      +/-  0.7865179     %
     ( --> Track l. (cm/pr)       22.39645      +/-  0.7865179     % )

  **** Different. Fluxes as a function of energy **** ****      (integrated over solid angle)        ****


  Energy boundaries (GeV):


  Lowest boundary   (GeV):  2.0000000E-02

  Flux (Part/GeV/cmq/pr):



  Energy boundaries (GeV):

  2.0000000E-02  1.9640300E-02  1.9155400E-02  1.8682500E-02  1.8221200E-02
  1.7771300E-02  1.7332500E-02  1.6904600E-02  1.6487200E-02  1.6080100E-02
  1.5683100E-02  1.5295900E-02  1.4918300E-02  1.4549900E-02  1.4190700E-02
  1.3840300E-02  1.3498600E-02  1.3165300E-02  1.2840200E-02  1.2523200E-02
  1.2214000E-02  1.1912500E-02  1.1618300E-02  1.1331500E-02  1.1051700E-02
  1.0778800E-02  1.0512700E-02  1.0253200E-02  9.9999998E-03  9.7530996E-03
  9.5122904E-03  9.2774397E-03  9.0483697E-03  8.8249696E-03  8.6070802E-03
  8.3945701E-03  8.1873098E-03  7.9851598E-03  7.7880099E-03  7.5957198E-03
  7.4081798E-03  7.2252699E-03  7.0468802E-03  6.8728901E-03  6.7031998E-03
  6.6475999E-03  6.5923799E-03  6.5377001E-03  6.3762800E-03  6.2188501E-03
  6.0653100E-03  5.9155500E-03  5.7695000E-03  5.4881200E-03  5.2204598E-03
  4.9658502E-03  4.8432499E-03  4.7236700E-03  4.6070400E-03  4.4932901E-03
  4.2741499E-03  4.0656999E-03  3.8674099E-03  3.6787901E-03  3.4993801E-03
  3.3287101E-03  3.2465300E-03  3.1663701E-03  3.0881900E-03  3.0119400E-03
  2.8650500E-03  2.7253199E-03  2.5923999E-03  2.4659701E-03  2.4251300E-03
  2.3852000E-03  2.3652499E-03  2.3457000E-03  2.3068599E-03  2.2688799E-03
  2.2313001E-03  2.1224800E-03  2.0189700E-03  1.9691200E-03  1.9205000E-03
  1.8730800E-03  1.8268300E-03  1.7377400E-03  1.6529900E-03  1.6121800E-03
  1.5723699E-03  1.5335500E-03  1.4956900E-03  1.4227401E-03  1.3533500E-03
  1.2873500E-03  1.2245600E-03  1.1943300E-03  1.1648400E-03  1.1080300E-03
  1.0539900E-03  1.0025901E-03  9.7783399E-04  9.6163998E-04  9.5369201E-04
  9.0717903E-04  8.6293602E-04  8.2085002E-04  7.8081700E-04  7.4273598E-04
  7.0651202E-04  6.7205500E-04  6.3927902E-04  6.0810102E-04  5.7844300E-04
  5.5023201E-04  5.3664698E-04  5.2339700E-04  5.1047403E-04  4.9787102E-04
  4.7358900E-04  4.5049199E-04  4.2852099E-04  4.0762199E-04  3.8774201E-04
  3.6883200E-04  3.5084400E-04  3.3373301E-04  3.1745600E-04  3.0961799E-04
  3.0197401E-04  2.9451799E-04  2.8724599E-04  2.8015400E-04  2.7323700E-04
  2.5991100E-04  2.4723500E-04  2.3517800E-04  2.2370800E-04  2.1279699E-04
  2.0241900E-04  1.9254700E-04  1.8315599E-04  1.7422400E-04  1.6992200E-04
  1.6572700E-04  1.6163501E-04  1.5764400E-04  1.4995600E-04  1.4264201E-04
  1.3568600E-04  1.2906799E-04  1.2277300E-04  1.1678600E-04  1.1109000E-04
  9.8036500E-05  8.6516899E-05  7.6350902E-05  6.7379500E-05  6.2510902E-05
  5.9462200E-05  5.6562199E-05  5.2475199E-05  4.6309200E-05  4.0867701E-05
  3.6065601E-05  3.5175199E-05  3.4306700E-05  3.1827800E-05  2.8087899E-05
  2.6058400E-05  2.4787500E-05  2.4175501E-05  2.3578599E-05  2.1874899E-05
  2.1334799E-05  1.9304500E-05  1.7036200E-05  1.5034400E-05  1.3267800E-05
  1.1708800E-05  1.0333000E-05  9.1188203E-06  8.0473301E-06  7.1017398E-06
  6.2672698E-06  5.5308401E-06  5.0045101E-06  4.5282700E-06  4.3074201E-06
  4.0973500E-06  3.7074401E-06  3.3546301E-06  3.0353899E-06  2.8634900E-06
  2.7465401E-06  2.6125899E-06  2.4851699E-06  2.2486699E-06  2.0346799E-06
  1.8410600E-06  1.6658601E-06  1.5846100E-06  1.5073300E-06  1.3638900E-06
  1.2341000E-06  9.6111603E-07  7.4851800E-07  5.8294700E-07  4.5399901E-07
  3.5357499E-07  2.7536399E-07  2.1445400E-07  1.6701701E-07  1.3007300E-07
  1.0130100E-07  7.8893301E-08  6.1442101E-08  4.7851199E-08  3.7266499E-08
  2.9023200E-08  2.2603301E-08  1.7603501E-08  1.3709600E-08  1.0677000E-08
  8.3152898E-09  6.4759500E-09  5.0434799E-09  3.9278598E-09  3.0590199E-09
  2.3823701E-09  1.8553900E-09  1.4449800E-09  1.1253500E-09  8.7642499E-10
  8.3368101E-10  6.8256001E-10  6.2506200E-10  5.3157900E-10  4.1399401E-10
  2.8261499E-10  1.9292901E-10  1.3170399E-10  8.9908601E-11  6.1376598E-11
  4.1899099E-11  2.8602700E-11  1.9525799E-11  1.3329400E-11  9.0993801E-12
  6.2117499E-12  4.2404799E-12  2.8947901E-12  1.9761499E-12  1.3490300E-12
  9.2092198E-13  6.2867300E-13  4.2916701E-13  2.9297300E-13  2.0000000E-13
  Lowest boundary   (GeV):  1.0000100E-14

  Flux (Part/GeV/cmq/pr):

  0.5783516     +/-    63.82847     %    1.823591     +/-    34.11317     % 
   1.546775     +/-    17.40777     %   0.7044089     +/-    50.33223     % 
  0.5645646     +/-    40.82483     %    1.555074     +/-    40.31556     % 
  0.9912440     +/-    42.85714     %    1.417867     +/-    41.63332     % 
  0.9938896     +/-    42.85714     %   0.8532196     +/-    43.03315     % 
   1.139276     +/-    20.41241     %    1.141152     +/-    35.35534     % 
   1.856818     +/-    40.46086     %   0.5724783     +/-    70.71068     % 
   1.433732     +/-    20.00000     %    1.293275     +/-    11.11111     % 
   1.152060     +/-    61.23724     %    1.154848     +/-    35.35534     % 
   1.302962     +/-    49.27457     %    1.161540     +/-    35.35534     % 
   1.602590     +/-    22.87829     %    1.168852     +/-    40.82483     % 
   1.467213     +/-    52.91503     %    2.061599     +/-    18.44278     % 
   2.217957     +/-    16.77741     %    1.337080     +/-    49.27457     % 
   2.687033     +/-    11.11111     %    2.849178     +/-    27.68374     % 
   1.357012     +/-    21.27616     %    1.819440     +/-    36.00412     % 
   1.830174     +/-    38.49002     %    3.682262     +/-    29.65855     % 
   2.316342     +/-    6.666667     %    2.487096     +/-    14.43376     % 
   2.974017     +/-    32.58627     %    1.734276     +/-    37.48278     % 
   2.382678     +/-    25.23959     %    2.401483     +/-    12.76570     % 
   2.098021     +/-    23.07692     %    2.278468     +/-    24.74358     % 
   2.626606     +/-    10.20621     %    2.650352     +/-    22.82177     % 
   3.343577     +/-    18.25742     %    3.206891     +/-    26.31579     % 
   2.549665     +/-    50.33223     %    3.065126     +/-    57.73503     % 
   2.566697     +/-    50.33223     %    3.443633     +/-    8.164966     % 
   3.653788     +/-    4.761904     %    2.286198     +/-    34.11317     % 
   2.844787     +/-    27.00309     %    4.495754     +/-    30.19934     % 
   3.842490     +/-    21.11767     %    4.686353     +/-    23.20919     % 
   3.844560     +/-    18.70829     %    5.096841     +/-    20.35193     % 
   4.369880     +/-    21.64069     %    4.831177     +/-    15.21452     % 
   4.897062     +/-    9.622503     %    4.893800     +/-    7.267341     % 
   6.100394     +/-    9.227914     %    5.059887     +/-    14.42011     % 
   5.876907     +/-    8.308642     %    5.454177     +/-    29.96402     % 
   5.951247     +/-    5.163978     %    5.819153     +/-    24.53267     % 
   4.414786     +/-    11.11111     %    7.688346     +/-    6.176948     % 
   6.767575     +/-    24.47436     %    7.632772     +/-    13.05260     % 
   6.215531     +/-    5.892556     %    8.412809     +/-    9.882118     % 
   10.91025     +/-    7.583237     %    9.222353     +/-    32.82537     % 
   10.91829     +/-    11.11111     %    4.803851     +/-    33.33334     % 
   7.299922     +/-    11.11111     %    10.89934     +/-    7.092052     % 
   10.57092     +/-    18.31135     %    12.54056     +/-    16.12903     % 
   10.54405     +/-    5.337605     %    11.06157     +/-    10.81637     % 
   10.21194     +/-    31.43241     %    8.832912     +/-    11.47254     % 
   11.45267     +/-    9.588618     %    11.64993     +/-    21.95663     % 
   11.26323     +/-    6.976744     %    10.94349     +/-    17.43666     % 
   13.96205     +/-    7.496555     %    11.30410     +/-    18.63666     % 
   13.17477     +/-    9.924361     %    12.78726     +/-    18.84223     % 
   13.30870     +/-    8.463176     %    17.22263     +/-    7.751593     % 
   15.24846     +/-    7.378202     %    12.98662     +/-    8.499082     % 
   13.44085     +/-    11.59312     %    14.54245     +/-    19.18803     % 
   14.95516     +/-    6.060403     %    12.99955     +/-    9.660918     % 
   15.45344     +/-    8.524380     %    16.94050     +/-    12.01468     % 
   17.50257     +/-    14.34438     %    19.23104     +/-    21.70056     % 
   17.00971     +/-    10.29491     %    22.55498     +/-    9.759001     % 
   21.25273     +/-    2.307052     %    20.93984     +/-    12.47836     % 
   28.62533     +/-    11.87915     %    38.11700     +/-    4.850713     % 
   36.65793     +/-    8.658589     %    28.98079     +/-    15.97323     % 
   45.81817     +/-    4.714046     %    47.51958     +/-    6.444623     % 
   44.87845     +/-    11.62791     %    70.00554     +/-    11.54700     % 
   57.40655     +/-    13.04348     %    45.41991     +/-    30.94065     % 
   57.23755     +/-    16.32993     %    50.22029     +/-    18.39950     % 
   58.38871     +/-    34.41763     %    59.42757     +/-    20.72751     % 
   63.75953     +/-    6.602944     %    87.63708     +/-    16.35511     % 
   93.37202     +/-    18.88022     %    84.66441     +/-    13.05496     % 
   104.8797     +/-    23.40733     %    110.0123     +/-    15.30931     % 
   109.3708     +/-    12.76569     %    90.96682     +/-    47.14045     % 
   94.44412     +/-    27.21655     %    114.0845     +/-    42.85714     % 
   168.7088     +/-    23.09401     %    209.5244     +/-    20.41241     % 
   197.5487     +/-    11.62791     %    132.7335     +/-    12.65056     % 
   110.0188     +/-    22.50388     %    183.8310     +/-    15.93912     % 
   124.3424     +/-    27.35506     %    195.0394     +/-    14.30552     % 
   233.6300     +/-    26.13414     %    218.9391     +/-    11.01823     % 
   276.4221     +/-    11.14353     %    155.7997     +/-    41.63332     % 
   240.3451     +/-    20.00000     %    131.7771     +/-    45.64355     % 
   220.1569     +/-    14.72965     %    220.6597     +/-    12.00000     % 
   260.8281     +/-    34.50328     %    314.3209     +/-    12.50000     % 
   445.1414     +/-    6.976743     %    392.8110     +/-    13.60828     % 
   310.5264     +/-    21.27616     %    339.2745     +/-    18.44278     % 
   551.9740     +/-    8.158925     %    338.0392     +/-    6.520507     % 
   644.6019     +/-    5.629259     %    770.5806     +/-    6.032483     % 
   1062.523     +/-    12.18716     %    734.2003     +/-    13.50154     % 
   820.3572     +/-    5.882353     %    1113.157     +/-    8.837789     % 
   1067.482     +/-    5.064843     %    1403.316     +/-    9.752428     % 
   1109.105     +/-    15.64259     %    944.5160     +/-    40.82483     % 
   806.9545     +/-    34.64101     %    2148.745     +/-    16.22214     % 
   3260.935     +/-    3.041093     %    2970.195     +/-    10.82499     % 
   3640.152     +/-    12.73689     %    3779.681     +/-    17.40776     % 
   2583.565     +/-    5.248638     %    3661.852     +/-    8.679124     % 
   3114.959     +/-    31.91424     %    4592.109     +/-    8.627527     % 
   4326.442     +/-    4.517540     %    5602.395     +/-    3.679900     % 
   7181.014     +/-    4.267634     %    7462.595     +/-    7.127806     % 
   9678.386     +/-    6.955868     %    9811.896     +/-    9.866468     % 
   11771.94     +/-    3.271023     %    12745.77     +/-    5.453970     % 
   15197.94     +/-    7.405515     %    16935.10     +/-    7.252778     % 
   26756.25     +/-    4.250749     %    26038.91     +/-    13.41337     % 
   34577.43     +/-    4.587156     %    27013.36     +/-    7.373034     % 
   31263.00     +/-    11.20321     %    36535.62     +/-    8.134039     % 
   43229.12     +/-    6.223884     %    43196.77     +/-    14.24497     % 
   54507.52     +/-    8.296521     %    47066.19     +/-    10.34388     % 
   52776.74     +/-    12.26634     %    53610.53     +/-    8.037994     % 
   71688.06     +/-    3.527134     %    74164.05     +/-    10.75754     % 
   80760.79     +/-    4.390803     %    94830.11     +/-    14.95632     % 
   105139.9     +/-    9.753197     %    104987.7     +/-    5.549001     % 
   124124.0     +/-    6.716887     %    140348.0     +/-    3.356045     % 
   194704.5     +/-    2.018672     %    256346.5     +/-    4.480838     % 
   354673.2     +/-    2.686129     %    440065.9     +/-    1.517318     % 
   621451.7     +/-    2.838287     %    864649.3     +/-    4.091483     % 
   1077718.     +/-   0.5246184     %    1467202.     +/-    1.585870     % 
   1969084.     +/-    3.641061     %    2593930.     +/-    3.235862     % 
   3358678.     +/-    2.902840     %    4224966.     +/-    4.894283     % 
   5437996.     +/-    3.350839     %    7152256.     +/-    3.520465     % 
   9368748.     +/-    3.439646     %   1.3303630E+07 +/-    1.855341     % 
  1.7530698E+07 +/-    2.491977     %   2.1885180E+07 +/-   0.8950717     % 
  2.8930420E+07 +/-    4.156015     %   3.9085092E+07 +/-   0.9720863     % 
  4.7885612E+07 +/-    2.608202     %   6.0413992E+07 +/-    2.193832     % 
  8.4412584E+07 +/-    2.625925     %   1.0999646E+08 +/-    3.743412     % 
  1.3863882E+08 +/-    3.081593     %   1.9824992E+08 +/-    3.268917     % 
  2.3993093E+08 +/-    4.706054     %   3.4120880E+08 +/-    2.579357     % 
  3.6505078E+08 +/-    8.339211     %   4.4174528E+08 +/-    3.439684     % 
  5.3779462E+08 +/-    1.062616     %   6.0782227E+08 +/-    1.215396     % 
  7.2624141E+08 +/-    2.444037     %   1.0645676E+09 +/-    2.042572     % 
  1.7111692E+09 +/-    1.105982     %   3.4729324E+09 +/-    2.766405     % 
  8.7977892E+09 +/-    4.350796     %   2.4845117E+10 +/-    3.784830     % 
  6.7790393E+10 +/-    4.871467     %   1.6206938E+11 +/-    2.056571     % 
  3.4327930E+11 +/-    1.687421     %   5.3174383E+11 +/-    1.111927     % 
  6.8236988E+11 +/-    1.620796     %   7.5595592E+11 +/-    3.924906     % 
  7.3492156E+11 +/-    1.535677     %   6.3221026E+11 +/-    3.896966     % 
  4.7270986E+11 +/-    5.384692     %   4.0755449E+11 +/-    3.078579     % 
  3.5992918E+11 +/-    2.639370     %   2.1980512E+11 +/-    11.56375     % 
  1.5204257E+11 +/-    16.12519     %   1.3457795E+11 +/-    40.15276     % 
  5.7483268E+10 +/-    40.61818     %   1.5366488E+10 +/-    30.88714     % 


  **** Cumulative Fluxes as a function of energy **** ****      (integrated over solid angle)        ****


  Energy boundaries (GeV):



  Lowest boundary   (GeV):  2.0000000E-02

  Cumul. Flux (Part/cmq/pr):



  Energy boundaries (GeV):

  2.0000000E-02  1.9640300E-02  1.9155400E-02  1.8682500E-02  1.8221200E-02
  1.7771300E-02  1.7332500E-02  1.6904600E-02  1.6487200E-02  1.6080100E-02
  1.5683100E-02  1.5295900E-02  1.4918300E-02  1.4549900E-02  1.4190700E-02
  1.3840300E-02  1.3498600E-02  1.3165300E-02  1.2840200E-02  1.2523200E-02
  1.2214000E-02  1.1912500E-02  1.1618300E-02  1.1331500E-02  1.1051700E-02
  1.0778800E-02  1.0512700E-02  1.0253200E-02  9.9999998E-03  9.7530996E-03
  9.5122904E-03  9.2774397E-03  9.0483697E-03  8.8249696E-03  8.6070802E-03
  8.3945701E-03  8.1873098E-03  7.9851598E-03  7.7880099E-03  7.5957198E-03
  7.4081798E-03  7.2252699E-03  7.0468802E-03  6.8728901E-03  6.7031998E-03
  6.6475999E-03  6.5923799E-03  6.5377001E-03  6.3762800E-03  6.2188501E-03
  6.0653100E-03  5.9155500E-03  5.7695000E-03  5.4881200E-03  5.2204598E-03
  4.9658502E-03  4.8432499E-03  4.7236700E-03  4.6070400E-03  4.4932901E-03
  4.2741499E-03  4.0656999E-03  3.8674099E-03  3.6787901E-03  3.4993801E-03
  3.3287101E-03  3.2465300E-03  3.1663701E-03  3.0881900E-03  3.0119400E-03
  2.8650500E-03  2.7253199E-03  2.5923999E-03  2.4659701E-03  2.4251300E-03
  2.3852000E-03  2.3652499E-03  2.3457000E-03  2.3068599E-03  2.2688799E-03
  2.2313001E-03  2.1224800E-03  2.0189700E-03  1.9691200E-03  1.9205000E-03
  1.8730800E-03  1.8268300E-03  1.7377400E-03  1.6529900E-03  1.6121800E-03
  1.5723699E-03  1.5335500E-03  1.4956900E-03  1.4227401E-03  1.3533500E-03
  1.2873500E-03  1.2245600E-03  1.1943300E-03  1.1648400E-03  1.1080300E-03
  1.0539900E-03  1.0025901E-03  9.7783399E-04  9.6163998E-04  9.5369201E-04
  9.0717903E-04  8.6293602E-04  8.2085002E-04  7.8081700E-04  7.4273598E-04
  7.0651202E-04  6.7205500E-04  6.3927902E-04  6.0810102E-04  5.7844300E-04
  5.5023201E-04  5.3664698E-04  5.2339700E-04  5.1047403E-04  4.9787102E-04
  4.7358900E-04  4.5049199E-04  4.2852099E-04  4.0762199E-04  3.8774201E-04
  3.6883200E-04  3.5084400E-04  3.3373301E-04  3.1745600E-04  3.0961799E-04
  3.0197401E-04  2.9451799E-04  2.8724599E-04  2.8015400E-04  2.7323700E-04
  2.5991100E-04  2.4723500E-04  2.3517800E-04  2.2370800E-04  2.1279699E-04
  2.0241900E-04  1.9254700E-04  1.8315599E-04  1.7422400E-04  1.6992200E-04
  1.6572700E-04  1.6163501E-04  1.5764400E-04  1.4995600E-04  1.4264201E-04
  1.3568600E-04  1.2906799E-04  1.2277300E-04  1.1678600E-04  1.1109000E-04
  9.8036500E-05  8.6516899E-05  7.6350902E-05  6.7379500E-05  6.2510902E-05
  5.9462200E-05  5.6562199E-05  5.2475199E-05  4.6309200E-05  4.0867701E-05
  3.6065601E-05  3.5175199E-05  3.4306700E-05  3.1827800E-05  2.8087899E-05
  2.6058400E-05  2.4787500E-05  2.4175501E-05  2.3578599E-05  2.1874899E-05
  2.1334799E-05  1.9304500E-05  1.7036200E-05  1.5034400E-05  1.3267800E-05
  1.1708800E-05  1.0333000E-05  9.1188203E-06  8.0473301E-06  7.1017398E-06
  6.2672698E-06  5.5308401E-06  5.0045101E-06  4.5282700E-06  4.3074201E-06
  4.0973500E-06  3.7074401E-06  3.3546301E-06  3.0353899E-06  2.8634900E-06
  2.7465401E-06  2.6125899E-06  2.4851699E-06  2.2486699E-06  2.0346799E-06
  1.8410600E-06  1.6658601E-06  1.5846100E-06  1.5073300E-06  1.3638900E-06
  1.2341000E-06  9.6111603E-07  7.4851800E-07  5.8294700E-07  4.5399901E-07
  3.5357499E-07  2.7536399E-07  2.1445400E-07  1.6701701E-07  1.3007300E-07
  1.0130100E-07  7.8893301E-08  6.1442101E-08  4.7851199E-08  3.7266499E-08
  2.9023200E-08  2.2603301E-08  1.7603501E-08  1.3709600E-08  1.0677000E-08
  8.3152898E-09  6.4759500E-09  5.0434799E-09  3.9278598E-09  3.0590199E-09
  2.3823701E-09  1.8553900E-09  1.4449800E-09  1.1253500E-09  8.7642499E-10
  8.3368101E-10  6.8256001E-10  6.2506200E-10  5.3157900E-10  4.1399401E-10
  2.8261499E-10  1.9292901E-10  1.3170399E-10  8.9908601E-11  6.1376598E-11
  4.1899099E-11  2.8602700E-11  1.9525799E-11  1.3329400E-11  9.0993801E-12
  6.2117499E-12  4.2404799E-12  2.8947901E-12  1.9761499E-12  1.3490300E-12
  9.2092198E-13  6.2867300E-13  4.2916701E-13  2.9297300E-13  2.0000000E-13
  Lowest boundary   (GeV):  1.0000100E-14


  Cumul. Flux (Part/cmq/pr):

  2.0803255E-04 +/-    63.82847     %   1.0922926E-03 +/-    35.39854     % 
  1.8237615E-03 +/-    23.87203     %   2.1487060E-03 +/-    23.50558     % 
  2.4027033E-03 +/-    24.10357     %   3.0850701E-03 +/-    24.40922     % 
  3.5092232E-03 +/-    20.41881     %   4.1010412E-03 +/-    16.44586     % 
  4.5056534E-03 +/-    16.51035     %   4.8443819E-03 +/-    13.72597     % 
  5.2855085E-03 +/-    11.07898     %   5.7164077E-03 +/-    8.028693     % 
  6.4004599E-03 +/-    9.351060     %   6.6060945E-03 +/-    10.06457     % 
  7.1084737E-03 +/-    8.294319     %   7.5503867E-03 +/-    8.284368     % 
  7.9343682E-03 +/-    8.950844     %   8.3098086E-03 +/-    8.127938     % 
  8.7228473E-03 +/-    6.449213     %   9.0819951E-03 +/-    7.060516     % 
  9.5651774E-03 +/-    7.468462     %   9.9090533E-03 +/-    7.036154     % 
  1.0329851E-02 +/-    8.010509     %   1.0906684E-02 +/-    7.187633     % 
  1.1511967E-02 +/-    6.086227     %   1.1867763E-02 +/-    6.859161     % 
  1.2565047E-02 +/-    6.350849     %   1.3286461E-02 +/-    5.365731     % 
  1.3621507E-02 +/-    5.634248     %   1.4059645E-02 +/-    6.547111     % 
  1.4489463E-02 +/-    5.988597     %   1.5332959E-02 +/-    5.900053     % 
  1.5850430E-02 +/-    5.895957     %   1.6392341E-02 +/-    5.543065     % 
  1.7024349E-02 +/-    5.819267     %   1.7383797E-02 +/-    5.037793     % 
  1.7865455E-02 +/-    5.004783     %   1.8338908E-02 +/-    5.060020     % 
  1.8742336E-02 +/-    4.469885     %   1.9169640E-02 +/-    4.176905     % 
  1.9650072E-02 +/-    4.156745     %   2.0122867E-02 +/-    4.185457     % 
  2.0704618E-02 +/-    3.756267     %   2.1248795E-02 +/-    3.892100     % 
  2.1390555E-02 +/-    4.064633     %   2.1559812E-02 +/-    3.731961     % 
  2.1700159E-02 +/-    3.969682     %   2.2256030E-02 +/-    3.674434     % 
  2.2831246E-02 +/-    3.550633     %   2.3182269E-02 +/-    3.454952     % 
  2.3608305E-02 +/-    3.316903     %   2.4264909E-02 +/-    3.935719     % 
  2.5346110E-02 +/-    3.954643     %   2.6600460E-02 +/-    4.555458     % 
  2.7579321E-02 +/-    4.878334     %   2.8204195E-02 +/-    4.693366     % 
  2.8726745E-02 +/-    4.276833     %   2.9290205E-02 +/-    4.433638     % 
  2.9847246E-02 +/-    4.237263     %   3.0919675E-02 +/-    4.152606     % 
  3.2191303E-02 +/-    4.011119     %   3.3194628E-02 +/-    4.289686     % 
  3.4303129E-02 +/-    4.375146     %   3.5281662E-02 +/-    3.797411     % 
  3.6297359E-02 +/-    3.712315     %   3.6775578E-02 +/-    3.714002     % 
  3.7129469E-02 +/-    3.589523     %   3.7730545E-02 +/-    3.579464     % 
  3.8246572E-02 +/-    3.735793     %   3.9367750E-02 +/-    3.549070     % 
  4.0236246E-02 +/-    3.502525     %   4.1354477E-02 +/-    3.506809     % 
  4.2733859E-02 +/-    3.493003     %   4.3110501E-02 +/-    3.242191     % 
  4.3546468E-02 +/-    3.149424     %   4.3642305E-02 +/-    3.202179     % 
  4.3785017E-02 +/-    3.192425     %   4.4208348E-02 +/-    3.161869     % 
  4.4609834E-02 +/-    3.166880     %   4.5081105E-02 +/-    3.251690     % 
  4.6228509E-02 +/-    3.113223     %   4.7373492E-02 +/-    2.934140     % 
  4.7882557E-02 +/-    2.787132     %   4.8312012E-02 +/-    2.843964     % 
  4.8855100E-02 +/-    2.885036     %   4.9393907E-02 +/-    2.836827     % 
  5.0397351E-02 +/-    2.797095     %   5.1324811E-02 +/-    2.662475     % 
  5.1894601E-02 +/-    2.687909     %   5.2344620E-02 +/-    2.679535     % 
  5.2856062E-02 +/-    2.694607     %   5.3340189E-02 +/-    2.526090     % 
  5.4311059E-02 +/-    2.617419     %   5.5506136E-02 +/-    2.647840     % 
  5.6512535E-02 +/-    2.592759     %   5.7327967E-02 +/-    2.570584     % 
  5.7734281E-02 +/-    2.544946     %   5.8163140E-02 +/-    2.589832     % 
  5.9012741E-02 +/-    2.608182     %   5.9715237E-02 +/-    2.621272     % 
  6.0509544E-02 +/-    2.615495     %   6.0928922E-02 +/-    2.623283     % 
  6.1212361E-02 +/-    2.570928     %   6.1365210E-02 +/-    2.542961     % 
  6.2156379E-02 +/-    2.394593     %   6.3154280E-02 +/-    2.469357     % 
  6.4048722E-02 +/-    2.445557     %   6.4887010E-02 +/-    2.508512     % 
  6.5977089E-02 +/-    2.580054     %   6.7357838E-02 +/-    2.493377     % 
  6.8620957E-02 +/-    2.393780     %   6.9570832E-02 +/-    2.228904     % 
  7.0999354E-02 +/-    2.146221     %   7.2408691E-02 +/-    2.019767     % 
  7.3674753E-02 +/-    1.905990     %   7.4625783E-02 +/-    1.943784     % 
  7.5386420E-02 +/-    1.892351     %   7.5973377E-02 +/-    1.948041     % 
  7.6694742E-02 +/-    1.996319     %   7.7914193E-02 +/-    2.044851     % 
  7.9262801E-02 +/-    2.182611     %   8.0568485E-02 +/-    2.320569     % 
  8.1900991E-02 +/-    2.233448     %   8.3643213E-02 +/-    2.024128     % 
  8.5408881E-02 +/-    1.826239     %   8.6931825E-02 +/-    1.822768     % 
  8.8726424E-02 +/-    1.642363     %   9.0517089E-02 +/-    1.621990     % 
  9.1374345E-02 +/-    1.653965     %   9.2069693E-02 +/-    1.929895     % 
  9.2773870E-02 +/-    1.742229     %   9.3603492E-02 +/-    1.978255     % 
  9.4799973E-02 +/-    1.674619     %   9.6249253E-02 +/-    1.654531     % 
  9.8881789E-02 +/-    1.495709     %   0.1005643     +/-    1.348029     % 
  0.1018908     +/-    1.342029     %   0.1039994     +/-    1.242018     % 
  0.1053561     +/-    1.439073     %   0.1073802     +/-    1.373373     % 
  0.1096866     +/-    1.786085     %   0.1117426     +/-    1.845699     % 
  0.1142116     +/-    1.625835     %   0.1148819     +/-    1.512166     % 
  0.1158901     +/-    1.477664     %   0.1164294     +/-    1.673207     % 
  0.1173080     +/-    1.638414     %   0.1190044     +/-    1.668717     % 
  0.1209121     +/-    1.552718     %   0.1230985     +/-    1.620688     % 
  0.1260445     +/-    1.670666     %   0.1285172     +/-    1.453231     % 
  0.1303764     +/-    1.605784     %   0.1323089     +/-    1.427083     % 
  0.1395141     +/-    1.313957     %   0.1434081     +/-    1.233334     % 
  0.1499612     +/-    1.093791     %   0.1568743     +/-   0.8366924     % 
  0.1620473     +/-   0.8023875     %   0.1642857     +/-   0.8270866     % 
  0.1666647     +/-   0.8131959     %   0.1712142     +/-   0.6736423     % 
  0.1777963     +/-   0.8145046     %   0.1854324     +/-    1.073557     % 
  0.1907585     +/-    1.276066     %   0.1915995     +/-    1.266481     % 
  0.1923003     +/-    1.180322     %   0.1976268     +/-    1.246091     % 
  0.2098224     +/-    1.073541     %   0.2158504     +/-   0.9658795     % 
  0.2204767     +/-   0.8285882     %   0.2227899     +/-   0.8156139     % 
  0.2243320     +/-   0.8207901     %   0.2305707     +/-   0.5867687     % 
  0.2322531     +/-   0.7607340     %   0.2415764     +/-   0.5160259     % 
  0.2513901     +/-   0.6398464     %   0.2626050     +/-   0.4991622     % 
  0.2752910     +/-   0.6326143     %   0.2869251     +/-   0.8845374     % 
  0.3002407     +/-   0.7225764     %   0.3121541     +/-   0.7530246     % 
  0.3247676     +/-   0.6575952     %   0.3368199     +/-   0.5453250     % 
  0.3495021     +/-   0.4464150     %   0.3619736     +/-   0.3634723     % 
  0.3760562     +/-   0.4484724     %   0.3884570     +/-   0.7564829     % 
  0.3960934     +/-   0.7318472     %   0.4017681     +/-   0.6721931     % 
  0.4139579     +/-   0.8717578     %   0.4268480     +/-    1.002425     % 
  0.4406485     +/-    1.103235     %   0.4480740     +/-    1.233229     % 
  0.4544486     +/-    1.225824     %   0.4607532     +/-    1.239457     % 
  0.4674780     +/-    1.284813     %   0.4801569     +/-    1.046161     % 
  0.4954974     +/-    1.058887     %   0.5098570     +/-    1.221999     % 
  0.5240063     +/-    1.162549     %   0.5317113     +/-   0.9357213     % 
  0.5398365     +/-   0.9529063     %   0.5548959     +/-   0.9904155     % 
  0.5710060     +/-   0.9674526     %   0.6093187     +/-    1.090397     % 
  0.6507125     +/-   0.9838221     %   0.6931561     +/-   0.7698311     % 
  0.7388905     +/-   0.8790829     %   0.7830836     +/-   0.8815412     % 
  0.8316880     +/-   0.9833487     %   0.8843538     +/-   0.9205221     % 
  0.9354775     +/-   0.8734828     %   0.9896818     +/-   0.7802235     % 
   1.046336     +/-   0.9173081     %    1.104460     +/-   0.7863835     % 
   1.163073     +/-   0.7136191     %    1.220494     +/-   0.8343135     % 
   1.278054     +/-   0.7675841     %    1.337012     +/-   0.7686215     % 
   1.397159     +/-   0.8671588     %    1.463674     +/-   0.9021126     % 
   1.531937     +/-   0.8049393     %    1.598306     +/-   0.7604314     % 
   1.666631     +/-   0.6238205     %    1.738522     +/-   0.6277839     % 
   1.807117     +/-   0.5718381     %    1.874516     +/-   0.5903297     % 
   1.947857     +/-   0.5879230     %    2.022286     +/-   0.5603034     % 
   2.095345     +/-   0.5066813     %    2.176709     +/-   0.4075290     % 
   2.253398     +/-   0.3820462     %    2.338334     +/-   0.4494791     % 
   2.353938     +/-   0.4519515     %    2.420695     +/-   0.5330713     % 
   2.451617     +/-   0.5204492     %    2.508438     +/-   0.4844677     % 
   2.593833     +/-   0.4978595     %    2.733695     +/-   0.5078502     % 
   2.887163     +/-   0.4616018     %    3.099793     +/-   0.3986213     % 
   3.467500     +/-   0.7447389     %    4.176381     +/-   0.9092685     % 
   5.496768     +/-    1.727831     %    7.651707     +/-    1.697576     % 
   10.76762     +/-    1.223739     %    14.06252     +/-   0.9521822     % 
   16.94896     +/-   0.9639854     %    19.13188     +/-   0.7195211     % 
   20.58060     +/-   0.7542826     %    21.43136     +/-   0.7668183     % 
   21.86561     +/-   0.7702063     %    22.12120     +/-   0.7880365     % 
   22.27529     +/-   0.7769608     %    22.33953     +/-   0.7952851     % 
   22.36986     +/-   0.8035565     %    22.38819     +/-   0.7885461     % 
   22.39353     +/-   0.7866989     %    22.39645     +/-   0.7865179     % 
