  **** ucn_27.bdx ****

                                                                                  

  Total primaries run:         4995000
   Total weight of the primaries run:   4995000.00    


  Detector n:            1 (           1 )  TgtFlux   
     (Area:            1.00000000      cmq,
      distr. scored:           7    ,
      from reg.           7  to            8 ,
      one way scoring,
      current scoring)

     Tot. resp. (Part/cmq/pr)  7.5014822E+08  +/-  0.1060318     %
     ( -->      (Part/pr)      7.5014822E+08  +/-  0.1060318     % )

  **** Different. Fluxes as a function of energy **** ****      (integrated over solid angle)        ****


  Energy boundaries (GeV):

  3.9999997E-03  3.9599999E-03  3.9200000E-03  3.8800000E-03  3.8399999E-03
  3.7999998E-03  3.7600000E-03  3.7199999E-03  3.6799998E-03  3.6400000E-03
  3.5999999E-03  3.5599999E-03  3.5199998E-03  3.4800000E-03  3.4399999E-03
  3.3999998E-03  3.3600000E-03  3.3199999E-03  3.2799998E-03  3.2400000E-03
  3.1999999E-03  3.1599998E-03  3.1200000E-03  3.0799999E-03  3.0399999E-03
  3.0000000E-03  2.9600000E-03  2.9199999E-03  2.8800000E-03  2.8400000E-03
  2.7999999E-03  2.7599998E-03  2.7200000E-03  2.6799999E-03  2.6399998E-03
  2.6000000E-03  2.5599999E-03  2.5199999E-03  2.4800000E-03  2.4400000E-03
  2.3999999E-03  2.3600000E-03  2.3200000E-03  2.2799999E-03  2.2399998E-03
  2.2000000E-03  2.1599999E-03  2.1199998E-03  2.0800000E-03  2.0399999E-03
  1.9999999E-03  1.9600000E-03  1.9200000E-03  1.8800000E-03  1.8399999E-03
  1.8000000E-03  1.7599999E-03  1.7199999E-03  1.6800000E-03  1.6399999E-03
  1.6000000E-03  1.5600000E-03  1.5199999E-03  1.4800000E-03  1.4400000E-03
  1.4000000E-03  1.3600000E-03  1.3199999E-03  1.2800000E-03  1.2400000E-03
  1.1999999E-03  1.1600000E-03  1.1199999E-03  1.0800000E-03  1.0400000E-03
  9.9999993E-04  9.5999998E-04  9.1999996E-04  8.7999995E-04  8.3999999E-04
  7.9999998E-04  7.5999997E-04  7.2000001E-04  6.8000000E-04  6.3999998E-04
  5.9999997E-04  5.5999996E-04  5.2000000E-04  4.7999999E-04  4.3999997E-04
  3.9999999E-04  3.6000001E-04  3.1999999E-04  2.7999998E-04  2.3999999E-04
  1.9999999E-04  1.6000000E-04  1.2000000E-04  7.9999998E-05  3.9999999E-05
  Lowest boundary   (GeV):   0.000000    

  Flux (Part/GeV/cmq/pr):

   0.000000     +/-    0.000000     %    0.000000     +/-    0.000000     % 
   0.000000     +/-    0.000000     %    0.000000     +/-    0.000000     % 
   0.000000     +/-    0.000000     %    0.000000     +/-    0.000000     % 
   0.000000     +/-    0.000000     %    0.000000     +/-    0.000000     % 
   0.000000     +/-    0.000000     %    0.000000     +/-    0.000000     % 
   0.000000     +/-    0.000000     %   2.0736654E+07 +/-    22.01708     % 
   0.000000     +/-    0.000000     %   9.6278624E+07 +/-    9.052774     % 
   668924.4     +/-    99.00000     %    0.000000     +/-    0.000000     % 
   0.000000     +/-    0.000000     %    668924.4     +/-    99.00000     % 
  9.1861843E+08 +/-    3.876449     %   3.3569914E+08 +/-    5.753345     % 
   3511853.     +/-    46.81592     %    3010160.     +/-    55.49318     % 
   2341235.     +/-    65.42162     %    2954193.     +/-    53.61834     % 
  1.1694716E+08 +/-    8.576794     %    2257620.     +/-    41.30830     % 
   2675822.     +/-    46.68478     %    3135124.     +/-    40.62549     % 
   2870578.     +/-    47.13388     %    5211813.     +/-    39.14940     % 
   2525770.     +/-    49.07812     %    9401395.     +/-    34.43793     % 
   1839542.     +/-    41.56027     %    1712052.     +/-    35.80399     % 
   1171874.     +/-    65.35132     %   1.5248458E+09 +/-    2.991524     % 
  1.9752830E+07 +/-    19.60604     %    8981988.     +/-    28.20394     % 
   5184930.     +/-    35.93921     %   1.5355791E+07 +/-    22.20472     % 
  1.7946980E+07 +/-    21.82052     %    9334972.     +/-    26.65833     % 
   5801130.     +/-    30.59689     %   1.8579034E+07 +/-    19.27927     % 
  5.0971072E+07 +/-    12.03369     %   1.5237692E+07 +/-    29.42486     % 
  1.4646229E+07 +/-    19.69102     %   5.5286636E+09 +/-    4.519369     % 
  8.5536896E+07 +/-    32.31854     %   1.9775380E+09 +/-    5.295566     % 
  2.7560092E+09 +/-    6.316850     %   8.9743040E+08 +/-    10.71876     % 
  1.0172595E+10 +/-    3.285633     %   5.4459565E+08 +/-    14.18334     % 
  5.1650642E+09 +/-    4.646435     %   1.8754487E+09 +/-    4.533985     % 
  7.3143665E+09 +/-    3.897968     %   7.7946682E+08 +/-    10.94263     % 
  1.3308204E+10 +/-    2.938327     %   3.9399961E+10 +/-    1.655454     % 
  4.2040578E+10 +/-    1.650872     %   2.0269259E+10 +/-    2.427445     % 
  2.0639638E+10 +/-    2.437463     %   3.6122690E+10 +/-    1.815501     % 
  1.9302785E+10 +/-    2.179631     %   4.8567435E+10 +/-    1.167517     % 
  1.1897005E+11 +/-   0.6285307     %   1.2174384E+11 +/-   0.3146993     % 
  1.9002397E+11 +/-   0.2706762     %   3.1325762E+12 +/-   7.9893462E-02 % 
  1.4748279E+12 +/-   9.7423770E-02 %   2.8741487E+12 +/-   8.1136085E-02 % 
  8.6823725E+11 +/-   0.4015845     %   2.4192220E+11 +/-   0.3267126     % 
  4.3991921E+11 +/-   0.2805597     %   2.3254367E+11 +/-   0.3492294     % 
  3.2265535E+11 +/-   0.3066321     %   6.1937228E+11 +/-   0.4532738     % 
  2.6632248E+11 +/-   0.3772411     %   1.3428948E+12 +/-   0.3582650     % 
  2.9114378E+11 +/-   0.3537898     %   2.8961728E+11 +/-   0.3714806     % 
  3.3037582E+11 +/-   0.4017588     %   2.9190632E+11 +/-   0.3684882     % 
  3.0666903E+11 +/-   0.3678658     %   2.9856363E+11 +/-   0.3544841     % 
  3.2108613E+11 +/-   0.3777035     %   3.4685056E+11 +/-   0.3782917     % 
  3.0221147E+11 +/-   0.3338918     %   3.1885925E+11 +/-   0.3432822     % 
  3.2492736E+11 +/-   0.3307087     %   3.4107677E+11 +/-   0.2932391     % 
  3.2744335E+11 +/-   0.2863071     %   4.7933021E+11 +/-   0.2434207     % 
  6.0730638E+11 +/-   0.1742047     %   3.5945064E+11 +/-   0.2451711     % 
  4.5604569E+11 +/-   0.3258695     %   1.7107707E+11 +/-   0.3525406     % 
  6.3320912E+10 +/-   0.7417436     %   2.9815616E+08 +/-    9.187050     % 


  **** Cumulative Fluxes as a function of energy **** ****      (integrated over solid angle)        ****


  Energy boundaries (GeV):

  3.9999997E-03  3.9599999E-03  3.9200000E-03  3.8800000E-03  3.8399999E-03
  3.7999998E-03  3.7600000E-03  3.7199999E-03  3.6799998E-03  3.6400000E-03
  3.5999999E-03  3.5599999E-03  3.5199998E-03  3.4800000E-03  3.4399999E-03
  3.3999998E-03  3.3600000E-03  3.3199999E-03  3.2799998E-03  3.2400000E-03
  3.1999999E-03  3.1599998E-03  3.1200000E-03  3.0799999E-03  3.0399999E-03
  3.0000000E-03  2.9600000E-03  2.9199999E-03  2.8800000E-03  2.8400000E-03
  2.7999999E-03  2.7599998E-03  2.7200000E-03  2.6799999E-03  2.6399998E-03
  2.6000000E-03  2.5599999E-03  2.5199999E-03  2.4800000E-03  2.4400000E-03
  2.3999999E-03  2.3600000E-03  2.3200000E-03  2.2799999E-03  2.2399998E-03
  2.2000000E-03  2.1599999E-03  2.1199998E-03  2.0800000E-03  2.0399999E-03
  1.9999999E-03  1.9600000E-03  1.9200000E-03  1.8800000E-03  1.8399999E-03
  1.8000000E-03  1.7599999E-03  1.7199999E-03  1.6800000E-03  1.6399999E-03
  1.6000000E-03  1.5600000E-03  1.5199999E-03  1.4800000E-03  1.4400000E-03
  1.4000000E-03  1.3600000E-03  1.3199999E-03  1.2800000E-03  1.2400000E-03
  1.1999999E-03  1.1600000E-03  1.1199999E-03  1.0800000E-03  1.0400000E-03
  9.9999993E-04  9.5999998E-04  9.1999996E-04  8.7999995E-04  8.3999999E-04
  7.9999998E-04  7.5999997E-04  7.2000001E-04  6.8000000E-04  6.3999998E-04
  5.9999997E-04  5.5999996E-04  5.2000000E-04  4.7999999E-04  4.3999997E-04
  3.9999999E-04  3.6000001E-04  3.1999999E-04  2.7999998E-04  2.3999999E-04
  1.9999999E-04  1.6000000E-04  1.2000000E-04  7.9999998E-05  3.9999999E-05
  Lowest boundary   (GeV):   0.000000    

  Cumul. Flux (Part/cmq/pr):

   0.000000     +/-    0.000000     %    0.000000     +/-    0.000000     % 
   0.000000     +/-    0.000000     %    0.000000     +/-    0.000000     % 
   0.000000     +/-    0.000000     %    0.000000     +/-    0.000000     % 
   0.000000     +/-    0.000000     %    0.000000     +/-    0.000000     % 
   0.000000     +/-    0.000000     %    0.000000     +/-    0.000000     % 
   0.000000     +/-    0.000000     %    829.4662     +/-    22.01708     % 
   829.4662     +/-    22.01708     %    4680.611     +/-    9.379824     % 
   4707.368     +/-    9.337750     %    4707.368     +/-    9.337750     % 
   4707.368     +/-    9.337750     %    4734.125     +/-    9.296104     % 
   41478.86     +/-    3.968223     %    54906.83     +/-    3.890796     % 
   55047.30     +/-    3.883154     %    55167.71     +/-    3.884450     % 
   55261.36     +/-    3.887747     %    55379.52     +/-    3.887994     % 
   60057.41     +/-    3.970540     %    60147.71     +/-    3.967663     % 
   60254.75     +/-    3.962977     %    60380.15     +/-    3.954482     % 
   60494.98     +/-    3.953223     %    60703.45     +/-    3.943542     % 
   60804.48     +/-    3.937421     %    61180.54     +/-    3.919169     % 
   61254.12     +/-    3.915050     %    61322.60     +/-    3.910844     % 
   61369.47     +/-    3.909831     %    122363.3     +/-    3.056418     % 
   123153.4     +/-    3.056830     %    123512.7     +/-    3.053557     % 
   123720.1     +/-    3.050317     %    124334.3     +/-    3.051001     % 
   125052.2     +/-    3.056339     %    125425.6     +/-    3.051351     % 
   125657.6     +/-    3.049551     %    126400.8     +/-    3.048235     % 
   128439.7     +/-    3.063290     %    129049.2     +/-    3.058451     % 
   129635.0     +/-    3.056481     %    350781.5     +/-    3.039930     % 
   354203.0     +/-    3.033212     %    433304.5     +/-    2.854280     % 
   543544.9     +/-    2.779435     %    579442.1     +/-    2.753138     % 
   986345.9     +/-    2.235369     %    1008130.     +/-    2.213875     % 
   1214732.     +/-    2.124846     %    1289750.     +/-    2.038759     % 
   1582325.     +/-    1.957839     %    1613504.     +/-    1.939991     % 
   2145832.     +/-    1.786805     %    3721830.     +/-    1.357597     % 
   5403453.     +/-    1.175000     %    6214224.     +/-    1.149558     % 
   7039809.     +/-    1.141487     %    8484717.     +/-    1.102342     % 
   9256828.     +/-    1.076179     %   1.1199525E+07 +/-   0.9962605     % 
  1.5958327E+07 +/-   0.7422151     %   2.0828080E+07 +/-   0.5868256     % 
  2.8429040E+07 +/-   0.4417981     %   1.5373208E+08 +/-   0.1089838     % 
  2.1272520E+08 +/-   9.7791635E-02 %   3.2769114E+08 +/-   8.5387059E-02 % 
  3.6242061E+08 +/-   9.0930067E-02 %   3.7209750E+08 +/-   9.0619750E-02 % 
  3.8969427E+08 +/-   9.1585264E-02 %   3.9899603E+08 +/-   9.1695093E-02 % 
  4.1190224E+08 +/-   9.2059806E-02 %   4.3667712E+08 +/-   9.8748788E-02 % 
  4.4733002E+08 +/-   9.9127360E-02 %   5.0104582E+08 +/-   0.1026679     % 
  5.1269158E+08 +/-   0.1024631     %   5.2427626E+08 +/-   0.1025837     % 
  5.3749126E+08 +/-   0.1038672     %   5.4916755E+08 +/-   0.1038252     % 
  5.6143430E+08 +/-   0.1041823     %   5.7337683E+08 +/-   0.1046694     % 
  5.8622029E+08 +/-   0.1054186     %   6.0009434E+08 +/-   0.1060561     % 
  6.1218278E+08 +/-   0.1062960     %   6.2493715E+08 +/-   0.1068844     % 
  6.3793427E+08 +/-   0.1075518     %   6.5157728E+08 +/-   0.1076792     % 
  6.6467507E+08 +/-   0.1079429     %   6.8384826E+08 +/-   0.1079207     % 
  7.0814048E+08 +/-   0.1073226     %   7.2251853E+08 +/-   0.1070288     % 
  7.4076038E+08 +/-   0.1060459     %   7.4760346E+08 +/-   0.1058861     % 
  7.5013626E+08 +/-   0.1060369     %   7.5014822E+08 +/-   0.1060318     % 

  **** Double diff. Fluxes as a function of energy ****


  Solid angle minimum value (sr):   0.000000    

  Solid angle upper boundaries (sr):

   6.283185    

  Angular minimum value (deg.):   0.000000    

  Angular upper boundaries (deg.):

   90.00000    


  Energy interval (GeV):  3.9999997E-03  3.9599999E-03

  Flux (Part/sr/GeV/cmq/pr):

   0.000000     +/-    0.000000     % 

  Flux (Part/deg/GeV/cmq/pr):

   0.000000     +/-    0.000000     % 

  Energy interval (GeV):  3.9599999E-03  3.9200000E-03

  Flux (Part/sr/GeV/cmq/pr):

   0.000000     +/-    0.000000     % 

  Flux (Part/deg/GeV/cmq/pr):

   0.000000     +/-    0.000000     % 

  Energy interval (GeV):  3.9200000E-03  3.8800000E-03

  Flux (Part/sr/GeV/cmq/pr):

   0.000000     +/-    0.000000     % 

  Flux (Part/deg/GeV/cmq/pr):

   0.000000     +/-    0.000000     % 

  Energy interval (GeV):  3.8800000E-03  3.8399999E-03

  Flux (Part/sr/GeV/cmq/pr):

   0.000000     +/-    0.000000     % 

  Flux (Part/deg/GeV/cmq/pr):

   0.000000     +/-    0.000000     % 

  Energy interval (GeV):  3.8399999E-03  3.7999998E-03

  Flux (Part/sr/GeV/cmq/pr):

   0.000000     +/-    0.000000     % 

  Flux (Part/deg/GeV/cmq/pr):

   0.000000     +/-    0.000000     % 

  Energy interval (GeV):  3.7999998E-03  3.7600000E-03

  Flux (Part/sr/GeV/cmq/pr):

   0.000000     +/-    0.000000     % 

  Flux (Part/deg/GeV/cmq/pr):

   0.000000     +/-    0.000000     % 

  Energy interval (GeV):  3.7600000E-03  3.7199999E-03

  Flux (Part/sr/GeV/cmq/pr):

   0.000000     +/-    0.000000     % 

  Flux (Part/deg/GeV/cmq/pr):

   0.000000     +/-    0.000000     % 

  Energy interval (GeV):  3.7199999E-03  3.6799998E-03

  Flux (Part/sr/GeV/cmq/pr):

   0.000000     +/-    0.000000     % 

  Flux (Part/deg/GeV/cmq/pr):

   0.000000     +/-    0.000000     % 

  Energy interval (GeV):  3.6799998E-03  3.6400000E-03

  Flux (Part/sr/GeV/cmq/pr):

   0.000000     +/-    0.000000     % 

  Flux (Part/deg/GeV/cmq/pr):

   0.000000     +/-    0.000000     % 

  Energy interval (GeV):  3.6400000E-03  3.5999999E-03

  Flux (Part/sr/GeV/cmq/pr):

   0.000000     +/-    0.000000     % 

  Flux (Part/deg/GeV/cmq/pr):

   0.000000     +/-    0.000000     % 

  Energy interval (GeV):  3.5999999E-03  3.5599999E-03

  Flux (Part/sr/GeV/cmq/pr):

   0.000000     +/-    0.000000     % 

  Flux (Part/deg/GeV/cmq/pr):

   0.000000     +/-    0.000000     % 

  Energy interval (GeV):  3.5599999E-03  3.5199998E-03

  Flux (Part/sr/GeV/cmq/pr):

   3300341.     +/-    22.01708     % 

  Flux (Part/deg/GeV/cmq/pr):

   230407.3     +/-    22.01708     % 

  Energy interval (GeV):  3.5199998E-03  3.4800000E-03

  Flux (Part/sr/GeV/cmq/pr):

   0.000000     +/-    0.000000     % 

  Flux (Part/deg/GeV/cmq/pr):

   0.000000     +/-    0.000000     % 

  Energy interval (GeV):  3.4800000E-03  3.4399999E-03

  Flux (Part/sr/GeV/cmq/pr):

  1.5323219E+07 +/-    9.052774     % 

  Flux (Part/deg/GeV/cmq/pr):

   1069762.     +/-    9.052774     % 

  Energy interval (GeV):  3.4399999E-03  3.3999998E-03

  Flux (Part/sr/GeV/cmq/pr):

   106462.6     +/-    99.00000     % 

  Flux (Part/deg/GeV/cmq/pr):

   7432.493     +/-    99.00000     % 

  Energy interval (GeV):  3.3999998E-03  3.3600000E-03

  Flux (Part/sr/GeV/cmq/pr):

   0.000000     +/-    0.000000     % 

  Flux (Part/deg/GeV/cmq/pr):

   0.000000     +/-    0.000000     % 

  Energy interval (GeV):  3.3600000E-03  3.3199999E-03

  Flux (Part/sr/GeV/cmq/pr):

   0.000000     +/-    0.000000     % 

  Flux (Part/deg/GeV/cmq/pr):

   0.000000     +/-    0.000000     % 

  Energy interval (GeV):  3.3199999E-03  3.2799998E-03

  Flux (Part/sr/GeV/cmq/pr):

   106462.6     +/-    99.00000     % 

  Flux (Part/deg/GeV/cmq/pr):

   7432.493     +/-    99.00000     % 

  Energy interval (GeV):  3.2799998E-03  3.2400000E-03

  Flux (Part/sr/GeV/cmq/pr):

  1.4620266E+08 +/-    3.876449     % 

  Flux (Part/deg/GeV/cmq/pr):

  1.0206872E+07 +/-    3.876449     % 

  Energy interval (GeV):  3.2400000E-03  3.1999999E-03

  Flux (Part/sr/GeV/cmq/pr):

  5.3428176E+07 +/-    5.753345     % 

  Flux (Part/deg/GeV/cmq/pr):

   3729990.     +/-    5.753345     % 

  Energy interval (GeV):  3.1999999E-03  3.1599998E-03

  Flux (Part/sr/GeV/cmq/pr):

   558928.8     +/-    46.81592     % 

  Flux (Part/deg/GeV/cmq/pr):

   39020.59     +/-    46.81592     % 

  Energy interval (GeV):  3.1599998E-03  3.1200000E-03

  Flux (Part/sr/GeV/cmq/pr):

   479081.8     +/-    55.49318     % 

  Flux (Part/deg/GeV/cmq/pr):

   33446.22     +/-    55.49318     % 

  Energy interval (GeV):  3.1200000E-03  3.0799999E-03

  Flux (Part/sr/GeV/cmq/pr):

   372619.2     +/-    65.42162     % 

  Flux (Part/deg/GeV/cmq/pr):

   26013.73     +/-    65.42162     % 

  Energy interval (GeV):  3.0799999E-03  3.0399999E-03

  Flux (Part/sr/GeV/cmq/pr):

   470174.4     +/-    53.61834     % 

  Flux (Part/deg/GeV/cmq/pr):

   32824.37     +/-    53.61834     % 

  Energy interval (GeV):  3.0399999E-03  3.0000000E-03

  Flux (Part/sr/GeV/cmq/pr):

  1.8612718E+07 +/-    8.576794     % 

  Flux (Part/deg/GeV/cmq/pr):

   1299413.     +/-    8.576794     % 

  Energy interval (GeV):  3.0000000E-03  2.9600000E-03

  Flux (Part/sr/GeV/cmq/pr):

   359311.3     +/-    41.30830     % 

  Flux (Part/deg/GeV/cmq/pr):

   25084.66     +/-    41.30830     % 

  Energy interval (GeV):  2.9600000E-03  2.9199999E-03

  Flux (Part/sr/GeV/cmq/pr):

   425870.2     +/-    46.68478     % 

  Flux (Part/deg/GeV/cmq/pr):

   29731.35     +/-    46.68478     % 

  Energy interval (GeV):  2.9199999E-03  2.8800000E-03

  Flux (Part/sr/GeV/cmq/pr):

   498970.5     +/-    40.62549     % 

  Flux (Part/deg/GeV/cmq/pr):

   34834.71     +/-    40.62549     % 

  Energy interval (GeV):  2.8800000E-03  2.8400000E-03

  Flux (Part/sr/GeV/cmq/pr):

   456866.6     +/-    47.13388     % 

  Flux (Part/deg/GeV/cmq/pr):

   31895.31     +/-    47.13388     % 

  Energy interval (GeV):  2.8400000E-03  2.7999999E-03

  Flux (Part/sr/GeV/cmq/pr):

   829485.8     +/-    39.14940     % 

  Flux (Part/deg/GeV/cmq/pr):

   57909.04     +/-    39.14940     % 

  Energy interval (GeV):  2.7999999E-03  2.7599998E-03

  Flux (Part/sr/GeV/cmq/pr):

   401988.8     +/-    49.07812     % 

  Flux (Part/deg/GeV/cmq/pr):

   28064.12     +/-    49.07812     % 

  Energy interval (GeV):  2.7599998E-03  2.7200000E-03

  Flux (Part/sr/GeV/cmq/pr):

   1496278.     +/-    34.43793     % 

  Flux (Part/deg/GeV/cmq/pr):

   104459.9     +/-    34.43793     % 

  Energy interval (GeV):  2.7200000E-03  2.6799999E-03

  Flux (Part/sr/GeV/cmq/pr):

   292772.2     +/-    41.56027     % 

  Flux (Part/deg/GeV/cmq/pr):

   20439.36     +/-    41.56027     % 

  Energy interval (GeV):  2.6799999E-03  2.6399998E-03

  Flux (Part/sr/GeV/cmq/pr):

   272481.5     +/-    35.80399     % 

  Flux (Part/deg/GeV/cmq/pr):

   19022.80     +/-    35.80399     % 

  Energy interval (GeV):  2.6399998E-03  2.6000000E-03

  Flux (Part/sr/GeV/cmq/pr):

   186509.6     +/-    65.35132     % 

  Flux (Part/deg/GeV/cmq/pr):

   13020.83     +/-    65.35132     % 

  Energy interval (GeV):  2.6000000E-03  2.5599999E-03

  Flux (Part/sr/GeV/cmq/pr):

  2.4268674E+08 +/-    2.991524     % 

  Flux (Part/deg/GeV/cmq/pr):

  1.6942732E+07 +/-    2.991524     % 

  Energy interval (GeV):  2.5599999E-03  2.5199999E-03

  Flux (Part/sr/GeV/cmq/pr):

   3143760.     +/-    19.60604     % 

  Flux (Part/deg/GeV/cmq/pr):

   219475.9     +/-    19.60604     % 

  Energy interval (GeV):  2.5199999E-03  2.4800000E-03

  Flux (Part/sr/GeV/cmq/pr):

   1429528.     +/-    28.20394     % 

  Flux (Part/deg/GeV/cmq/pr):

   99799.88     +/-    28.20394     % 

  Energy interval (GeV):  2.4800000E-03  2.4400000E-03

  Flux (Part/sr/GeV/cmq/pr):

   825207.3     +/-    35.93921     % 

  Flux (Part/deg/GeV/cmq/pr):

   57610.34     +/-    35.93921     % 

  Energy interval (GeV):  2.4400000E-03  2.3999999E-03

  Flux (Part/sr/GeV/cmq/pr):

   2443950.     +/-    22.20472     % 

  Flux (Part/deg/GeV/cmq/pr):

   170619.9     +/-    22.20472     % 

  Energy interval (GeV):  2.3999999E-03  2.3600000E-03

  Flux (Part/sr/GeV/cmq/pr):

   2856350.     +/-    21.82052     % 

  Flux (Part/deg/GeV/cmq/pr):

   199410.9     +/-    21.82052     % 

  Energy interval (GeV):  2.3600000E-03  2.3200000E-03

  Flux (Part/sr/GeV/cmq/pr):

   1485707.     +/-    26.65833     % 

  Flux (Part/deg/GeV/cmq/pr):

   103721.9     +/-    26.65833     % 

  Energy interval (GeV):  2.3200000E-03  2.2799999E-03

  Flux (Part/sr/GeV/cmq/pr):

   923278.4     +/-    30.59689     % 

  Flux (Part/deg/GeV/cmq/pr):

   64457.00     +/-    30.59689     % 

  Energy interval (GeV):  2.2799999E-03  2.2399998E-03

  Flux (Part/sr/GeV/cmq/pr):

   2956945.     +/-    19.27927     % 

  Flux (Part/deg/GeV/cmq/pr):

   206433.7     +/-    19.27927     % 

  Energy interval (GeV):  2.2399998E-03  2.2000000E-03

  Flux (Part/sr/GeV/cmq/pr):

   8112298.     +/-    12.03369     % 

  Flux (Part/deg/GeV/cmq/pr):

   566345.2     +/-    12.03369     % 

  Energy interval (GeV):  2.2000000E-03  2.1599999E-03

  Flux (Part/sr/GeV/cmq/pr):

   2425154.     +/-    29.42486     % 

  Flux (Part/deg/GeV/cmq/pr):

   169307.7     +/-    29.42486     % 

  Energy interval (GeV):  2.1599999E-03  2.1199998E-03

  Flux (Part/sr/GeV/cmq/pr):

   2331020.     +/-    19.69102     % 

  Flux (Part/deg/GeV/cmq/pr):

   162735.9     +/-    19.69102     % 

  Energy interval (GeV):  2.1199998E-03  2.0800000E-03

  Flux (Part/sr/GeV/cmq/pr):

  8.7991411E+08 +/-    4.519369     % 

  Flux (Part/deg/GeV/cmq/pr):

  6.1429596E+07 +/-    4.519369     % 

  Energy interval (GeV):  2.0800000E-03  2.0399999E-03

  Flux (Part/sr/GeV/cmq/pr):

  1.3613619E+07 +/-    32.31854     % 

  Flux (Part/deg/GeV/cmq/pr):

   950409.9     +/-    32.31854     % 

  Energy interval (GeV):  2.0399999E-03  1.9999999E-03

  Flux (Part/sr/GeV/cmq/pr):

  3.1473494E+08 +/-    5.295566     % 

  Flux (Part/deg/GeV/cmq/pr):

  2.1972646E+07 +/-    5.295566     % 

  Energy interval (GeV):  1.9999999E-03  1.9600000E-03

  Flux (Part/sr/GeV/cmq/pr):

  4.3863248E+08 +/-    6.316850     % 

  Flux (Part/deg/GeV/cmq/pr):

  3.0622324E+07 +/-    6.316850     % 

  Energy interval (GeV):  1.9600000E-03  1.9200000E-03

  Flux (Part/sr/GeV/cmq/pr):

  1.4283048E+08 +/-    10.71876     % 

  Flux (Part/deg/GeV/cmq/pr):

   9971449.     +/-    10.71876     % 

  Energy interval (GeV):  1.9200000E-03  1.8800000E-03

  Flux (Part/sr/GeV/cmq/pr):

  1.6190188E+09 +/-    3.285633     % 

  Flux (Part/deg/GeV/cmq/pr):

  1.1302884E+08 +/-    3.285633     % 

  Energy interval (GeV):  1.8800000E-03  1.8399999E-03

  Flux (Part/sr/GeV/cmq/pr):

  8.6675088E+07 +/-    14.18334     % 

  Flux (Part/deg/GeV/cmq/pr):

   6051063.     +/-    14.18334     % 

  Energy interval (GeV):  1.8399999E-03  1.8000000E-03

  Flux (Part/sr/GeV/cmq/pr):

  8.2204550E+08 +/-    4.646435     % 

  Flux (Part/deg/GeV/cmq/pr):

  5.7389604E+07 +/-    4.646435     % 

  Energy interval (GeV):  1.8000000E-03  1.7599999E-03

  Flux (Part/sr/GeV/cmq/pr):

  2.9848694E+08 +/-    4.533985     % 

  Flux (Part/deg/GeV/cmq/pr):

  2.0838320E+07 +/-    4.533985     % 

  Energy interval (GeV):  1.7599999E-03  1.7199999E-03

  Flux (Part/sr/GeV/cmq/pr):

  1.1641175E+09 +/-    3.897968     % 

  Flux (Part/deg/GeV/cmq/pr):

  8.1270744E+07 +/-    3.897968     % 

  Energy interval (GeV):  1.7199999E-03  1.6800000E-03

  Flux (Part/sr/GeV/cmq/pr):

  1.2405599E+08 +/-    10.94263     % 

  Flux (Part/deg/GeV/cmq/pr):

   8660743.     +/-    10.94263     % 

  Energy interval (GeV):  1.6800000E-03  1.6399999E-03

  Flux (Part/sr/GeV/cmq/pr):

  2.1180664E+09 +/-    2.938327     % 

  Flux (Part/deg/GeV/cmq/pr):

  1.4786894E+08 +/-    2.938327     % 

  Energy interval (GeV):  1.6399999E-03  1.6000000E-03

  Flux (Part/sr/GeV/cmq/pr):

  6.2706985E+09 +/-    1.655454     % 

  Flux (Part/deg/GeV/cmq/pr):

  4.3777738E+08 +/-    1.655454     % 

  Energy interval (GeV):  1.6000000E-03  1.5600000E-03

  Flux (Part/sr/GeV/cmq/pr):

  6.6909655E+09 +/-    1.650872     % 

  Flux (Part/deg/GeV/cmq/pr):

  4.6711754E+08 +/-    1.650872     % 

  Energy interval (GeV):  1.5600000E-03  1.5199999E-03

  Flux (Part/sr/GeV/cmq/pr):

  3.2259528E+09 +/-    2.427445     % 

  Flux (Part/deg/GeV/cmq/pr):

  2.2521400E+08 +/-    2.427445     % 

  Energy interval (GeV):  1.5199999E-03  1.4800000E-03

  Flux (Part/sr/GeV/cmq/pr):

  3.2849004E+09 +/-    2.437463     % 

  Flux (Part/deg/GeV/cmq/pr):

  2.2932931E+08 +/-    2.437463     % 

  Energy interval (GeV):  1.4800000E-03  1.4400000E-03

  Flux (Part/sr/GeV/cmq/pr):

  5.7491046E+09 +/-    1.815501     % 

  Flux (Part/deg/GeV/cmq/pr):

  4.0136323E+08 +/-    1.815501     % 

  Energy interval (GeV):  1.4400000E-03  1.4000000E-03

  Flux (Part/sr/GeV/cmq/pr):

  3.0721336E+09 +/-    2.179631     % 

  Flux (Part/deg/GeV/cmq/pr):

  2.1447541E+08 +/-    2.179631     % 

  Energy interval (GeV):  1.4000000E-03  1.3600000E-03

  Flux (Part/sr/GeV/cmq/pr):

  7.7297469E+09 +/-    1.167517     % 

  Flux (Part/deg/GeV/cmq/pr):

  5.3963821E+08 +/-    1.167517     % 

  Energy interval (GeV):  1.3600000E-03  1.3199999E-03

  Flux (Part/sr/GeV/cmq/pr):

  1.8934671E+10 +/-   0.6285307     % 

  Flux (Part/deg/GeV/cmq/pr):

  1.3218894E+09 +/-   0.6285307     % 

  Energy interval (GeV):  1.3199999E-03  1.2800000E-03

  Flux (Part/sr/GeV/cmq/pr):

  1.9376132E+10 +/-   0.3146993     % 

  Flux (Part/deg/GeV/cmq/pr):

  1.3527092E+09 +/-   0.3146993     % 

  Energy interval (GeV):  1.2800000E-03  1.2400000E-03

  Flux (Part/sr/GeV/cmq/pr):

  3.0243254E+10 +/-   0.2706762     % 

  Flux (Part/deg/GeV/cmq/pr):

  2.1113777E+09 +/-   0.2706762     % 

  Energy interval (GeV):  1.2400000E-03  1.1999999E-03

  Flux (Part/sr/GeV/cmq/pr):

  4.9856496E+11 +/-   7.9893462E-02 % 

  Flux (Part/deg/GeV/cmq/pr):

  3.4806403E+10 +/-   7.9893462E-02 % 

  Energy interval (GeV):  1.1999999E-03  1.1600000E-03

  Flux (Part/sr/GeV/cmq/pr):

  2.3472615E+11 +/-   9.7423770E-02 % 

  Flux (Part/deg/GeV/cmq/pr):

  1.6386977E+10 +/-   9.7423770E-02 % 

  Energy interval (GeV):  1.1600000E-03  1.1199999E-03

  Flux (Part/sr/GeV/cmq/pr):

  4.5743492E+11 +/-   8.1136085E-02 % 

  Flux (Part/deg/GeV/cmq/pr):

  3.1934984E+10 +/-   8.1136085E-02 % 

  Energy interval (GeV):  1.1199999E-03  1.0800000E-03

  Flux (Part/sr/GeV/cmq/pr):

  1.3818425E+11 +/-   0.4015845     % 

  Flux (Part/deg/GeV/cmq/pr):

  9.6470804E+09 +/-   0.4015845     % 

  Energy interval (GeV):  1.0800000E-03  1.0400000E-03

  Flux (Part/sr/GeV/cmq/pr):

  3.8503113E+10 +/-   0.3267126     % 

  Flux (Part/deg/GeV/cmq/pr):

  2.6880243E+09 +/-   0.3267126     % 

  Energy interval (GeV):  1.0400000E-03  9.9999993E-04

  Flux (Part/sr/GeV/cmq/pr):

  7.0015320E+10 +/-   0.2805597     % 

  Flux (Part/deg/GeV/cmq/pr):

  4.8879913E+09 +/-   0.2805597     % 

  Energy interval (GeV):  9.9999993E-04  9.5999998E-04

  Flux (Part/sr/GeV/cmq/pr):

  3.7010473E+10 +/-   0.3492294     % 

  Flux (Part/deg/GeV/cmq/pr):

  2.5838188E+09 +/-   0.3492294     % 

  Energy interval (GeV):  9.5999998E-04  9.1999996E-04

  Flux (Part/sr/GeV/cmq/pr):

  5.1352195E+10 +/-   0.3066321     % 

  Flux (Part/deg/GeV/cmq/pr):

  3.5850596E+09 +/-   0.3066321     % 

  Energy interval (GeV):  9.1999996E-04  8.7999995E-04

  Flux (Part/sr/GeV/cmq/pr):

  9.8576163E+10 +/-   0.4532738     % 

  Flux (Part/deg/GeV/cmq/pr):

  6.8819149E+09 +/-   0.4532738     % 

  Energy interval (GeV):  8.7999995E-04  8.3999999E-04

  Flux (Part/sr/GeV/cmq/pr):

  4.2386538E+10 +/-   0.3772411     % 

  Flux (Part/deg/GeV/cmq/pr):

  2.9591388E+09 +/-   0.3772411     % 

  Energy interval (GeV):  8.3999999E-04  7.9999998E-04

  Flux (Part/sr/GeV/cmq/pr):

  2.1372833E+11 +/-   0.3582650     % 

  Flux (Part/deg/GeV/cmq/pr):

  1.4921053E+10 +/-   0.3582650     % 

  Energy interval (GeV):  7.9999998E-04  7.5999997E-04

  Flux (Part/sr/GeV/cmq/pr):

  4.6336971E+10 +/-   0.3537898     % 

  Flux (Part/deg/GeV/cmq/pr):

  3.2349312E+09 +/-   0.3537898     % 

  Energy interval (GeV):  7.5999997E-04  7.2000001E-04

  Flux (Part/sr/GeV/cmq/pr):

  4.6094021E+10 +/-   0.3714806     % 

  Flux (Part/deg/GeV/cmq/pr):

  3.2179699E+09 +/-   0.3714806     % 

  Energy interval (GeV):  7.2000001E-04  6.8000000E-04

  Flux (Part/sr/GeV/cmq/pr):

  5.2580942E+10 +/-   0.4017588     % 

  Flux (Part/deg/GeV/cmq/pr):

  3.6708424E+09 +/-   0.4017588     % 

  Energy interval (GeV):  6.8000000E-04  6.3999998E-04

  Flux (Part/sr/GeV/cmq/pr):

  4.6458335E+10 +/-   0.3684882     % 

  Flux (Part/deg/GeV/cmq/pr):

  3.2434038E+09 +/-   0.3684882     % 

  Energy interval (GeV):  6.3999998E-04  5.9999997E-04

  Flux (Part/sr/GeV/cmq/pr):

  4.8807891E+10 +/-   0.3678658     % 

  Flux (Part/deg/GeV/cmq/pr):

  3.4074337E+09 +/-   0.3678658     % 

  Energy interval (GeV):  5.9999997E-04  5.5999996E-04

  Flux (Part/sr/GeV/cmq/pr):

  4.7517880E+10 +/-   0.3544841     % 

  Flux (Part/deg/GeV/cmq/pr):

  3.3173740E+09 +/-   0.3544841     % 

  Energy interval (GeV):  5.5999996E-04  5.2000000E-04

  Flux (Part/sr/GeV/cmq/pr):

  5.1102441E+10 +/-   0.3777035     % 

  Flux (Part/deg/GeV/cmq/pr):

  3.5676237E+09 +/-   0.3777035     % 

  Energy interval (GeV):  5.2000000E-04  4.7999999E-04

  Flux (Part/sr/GeV/cmq/pr):

  5.5202976E+10 +/-   0.3782917     % 

  Flux (Part/deg/GeV/cmq/pr):

  3.8538949E+09 +/-   0.3782917     % 

  Energy interval (GeV):  4.7999999E-04  4.3999997E-04

  Flux (Part/sr/GeV/cmq/pr):

  4.8098447E+10 +/-   0.3338918     % 

  Flux (Part/deg/GeV/cmq/pr):

  3.3579052E+09 +/-   0.3338918     % 

  Energy interval (GeV):  4.3999997E-04  3.9999999E-04

  Flux (Part/sr/GeV/cmq/pr):

  5.0748023E+10 +/-   0.3432822     % 

  Flux (Part/deg/GeV/cmq/pr):

  3.5428805E+09 +/-   0.3432822     % 

  Energy interval (GeV):  3.9999999E-04  3.6000001E-04

  Flux (Part/sr/GeV/cmq/pr):

  5.1713794E+10 +/-   0.3307087     % 

  Flux (Part/deg/GeV/cmq/pr):

  3.6103043E+09 +/-   0.3307087     % 

  Energy interval (GeV):  3.6000001E-04  3.1999999E-04

  Flux (Part/sr/GeV/cmq/pr):

  5.4284055E+10 +/-   0.2932391     % 

  Flux (Part/deg/GeV/cmq/pr):

  3.7897421E+09 +/-   0.2932391     % 

  Energy interval (GeV):  3.1999999E-04  2.7999998E-04

  Flux (Part/sr/GeV/cmq/pr):

  5.2114223E+10 +/-   0.2863071     % 

  Flux (Part/deg/GeV/cmq/pr):

  3.6382595E+09 +/-   0.2863071     % 

  Energy interval (GeV):  2.7999998E-04  2.3999999E-04

  Flux (Part/sr/GeV/cmq/pr):

  7.6287771E+10 +/-   0.2434207     % 

  Flux (Part/deg/GeV/cmq/pr):

  5.3258911E+09 +/-   0.2434207     % 

  Energy interval (GeV):  2.3999999E-04  1.9999999E-04

  Flux (Part/sr/GeV/cmq/pr):

  9.6655811E+10 +/-   0.1742047     % 

  Flux (Part/deg/GeV/cmq/pr):

  6.7478487E+09 +/-   0.1742047     % 

  Energy interval (GeV):  1.9999999E-04  1.6000000E-04

  Flux (Part/sr/GeV/cmq/pr):

  5.7208345E+10 +/-   0.2451711     % 

  Flux (Part/deg/GeV/cmq/pr):

  3.9938959E+09 +/-   0.2451711     % 

  Energy interval (GeV):  1.6000000E-04  1.2000000E-04

  Flux (Part/sr/GeV/cmq/pr):

  7.2581923E+10 +/-   0.3258695     % 

  Flux (Part/deg/GeV/cmq/pr):

  5.0671744E+09 +/-   0.3258695     % 

  Energy interval (GeV):  1.2000000E-04  7.9999998E-05

  Flux (Part/sr/GeV/cmq/pr):

  2.7227761E+10 +/-   0.3525406     % 

  Flux (Part/deg/GeV/cmq/pr):

  1.9008564E+09 +/-   0.3525406     % 

  Energy interval (GeV):  7.9999998E-05  3.9999999E-05

  Flux (Part/sr/GeV/cmq/pr):

  1.0077836E+10 +/-   0.7417436     % 

  Flux (Part/deg/GeV/cmq/pr):

  7.0356570E+08 +/-   0.7417436     % 

  Energy interval (GeV):  3.9999999E-05   0.000000    

  Flux (Part/sr/GeV/cmq/pr):

  4.7453028E+07 +/-    9.187050     % 

  Flux (Part/deg/GeV/cmq/pr):

   3312846.     +/-    9.187050     % 
