 # Detector n:            1   TgtFlux   (integrated over solid angle)
 # N. of energy intervals         100
  0.000E+00  4.000E-05  4.533E+08  7.285E+00
  4.000E-05  8.000E-05  1.055E+11  6.283E-01
  8.000E-05  1.200E-04  3.117E+11  4.328E-01
  1.200E-04  1.600E-04  7.297E+11  3.840E-01
  1.600E-04  2.000E-04  6.076E+11  3.776E-01
  2.000E-04  2.400E-04  9.582E+11  3.607E-01
  2.400E-04  2.800E-04  7.243E+11  3.640E-01
  2.800E-04  3.200E-04  5.050E+11  3.624E-01
  3.200E-04  3.600E-04  5.580E+11  4.238E-01
  3.600E-04  4.000E-04  4.684E+11  4.102E-01
  4.000E-04  4.400E-04  4.531E+11  4.166E-01
  4.400E-04  4.800E-04  4.353E+11  3.953E-01
  4.800E-04  5.200E-04  5.268E+11  4.317E-01
  5.200E-04  5.600E-04  4.331E+11  4.206E-01
  5.600E-04  6.000E-04  4.087E+11  3.876E-01
  6.000E-04  6.400E-04  4.193E+11  4.235E-01
  6.400E-04  6.800E-04  4.000E+11  4.235E-01
  6.800E-04  7.200E-04  4.274E+11  4.103E-01
  7.200E-04  7.600E-04  3.989E+11  4.061E-01
  7.600E-04  8.000E-04  3.952E+11  4.136E-01
  8.000E-04  8.400E-04  1.628E+12  3.472E-01
  8.400E-04  8.800E-04  3.830E+11  4.327E-01
  8.800E-04  9.200E-04  6.589E+11  4.530E-01
  9.200E-04  9.600E-04  4.587E+11  3.884E-01
  9.600E-04  1.000E-03  3.447E+11  3.901E-01
  1.000E-03  1.040E-03  6.120E+11  3.702E-01
  1.040E-03  1.080E-03  3.539E+11  3.890E-01
  1.080E-03  1.120E-03  8.759E+11  4.702E-01
  1.120E-03  1.160E-03  4.458E+12  3.409E-01
  1.160E-03  1.200E-03  2.252E+12  3.353E-01
  1.200E-03  1.240E-03  4.864E+12  3.428E-01
  1.240E-03  1.280E-03  2.970E+11  4.172E-01
  1.280E-03  1.320E-03  1.936E+11  4.528E-01
  1.320E-03  1.360E-03  1.362E+11  5.944E-01
  1.360E-03  1.400E-03  5.876E+10  9.249E-01
  1.400E-03  1.440E-03  1.972E+10  2.087E+00
  1.440E-03  1.480E-03  3.100E+10  2.115E+00
  1.480E-03  1.520E-03  1.713E+10  2.426E+00
  1.520E-03  1.560E-03  1.724E+10  2.714E+00
  1.560E-03  1.600E-03  3.477E+10  1.630E+00
  1.600E-03  1.640E-03  3.021E+10  2.136E+00
  1.640E-03  1.680E-03  1.222E+10  2.816E+00
  1.680E-03  1.720E-03  1.190E+09  9.354E+00
  1.720E-03  1.760E-03  6.126E+09  4.465E+00
  1.760E-03  1.800E-03  4.878E+09  3.100E+00
  1.800E-03  1.840E-03  5.856E+09  5.097E+00
  1.840E-03  1.880E-03  5.167E+08  1.148E+01
  1.880E-03  1.920E-03  8.415E+09  3.627E+00
  1.920E-03  1.960E-03  9.351E+08  1.007E+01
  1.960E-03  2.000E-03  2.004E+09  7.131E+00
  2.000E-03  2.040E-03  3.803E+09  3.895E+00
  2.040E-03  2.080E-03  4.640E+08  1.218E+01
  2.080E-03  2.120E-03  4.196E+09  5.430E+00
  2.120E-03  2.160E-03  9.799E+07  1.322E+01
  2.160E-03  2.200E-03  5.021E+07  3.009E+01
  2.200E-03  2.240E-03  2.965E+08  1.484E+01
  2.240E-03  2.280E-03  4.995E+08  8.063E+00
  2.280E-03  2.320E-03  3.683E+07  2.097E+01
  2.320E-03  2.360E-03  9.558E+07  1.738E+01
  2.360E-03  2.400E-03  7.483E+07  1.742E+01
  2.400E-03  2.440E-03  1.140E+08  1.155E+01
  2.440E-03  2.480E-03  3.891E+07  2.962E+01
  2.480E-03  2.520E-03  5.917E+07  1.837E+01
  2.520E-03  2.560E-03  6.053E+07  1.993E+01
  2.560E-03  2.600E-03  4.716E+09  3.256E+00
  2.600E-03  2.640E-03  1.266E+07  2.568E+01
  2.640E-03  2.680E-03  2.768E+07  2.044E+01
  2.680E-03  2.720E-03  3.846E+07  1.832E+01
  2.720E-03  2.760E-03  4.273E+07  2.153E+01
  2.760E-03  2.800E-03  1.551E+07  2.304E+01
  2.800E-03  2.840E-03  2.574E+07  1.976E+01
  2.840E-03  2.880E-03  2.204E+07  1.558E+01
  2.880E-03  2.920E-03  2.588E+07  2.310E+01
  2.920E-03  2.960E-03  2.832E+07  1.029E+01
  2.960E-03  3.000E-03  1.580E+07  2.476E+01
  3.000E-03  3.040E-03  3.201E+08  8.868E+00
  3.040E-03  3.080E-03  7.309E+06  3.985E+01
  3.080E-03  3.120E-03  1.393E+07  2.167E+01
  3.120E-03  3.160E-03  1.283E+07  4.197E+01
  3.160E-03  3.200E-03  4.336E+06  3.687E+01
  3.200E-03  3.240E-03  8.015E+08  5.373E+00
  3.240E-03  3.280E-03  2.755E+09  3.928E+00
  3.280E-03  3.320E-03  2.075E+05  3.297E+01
  3.320E-03  3.360E-03  1.167E+04  9.282E+01
  3.360E-03  3.400E-03  4.135E+06  9.724E+01
  3.400E-03  3.440E-03  1.013E+05  4.193E+01
  3.440E-03  3.480E-03  2.996E+08  8.946E+00
  3.480E-03  3.520E-03  3.323E+04  7.473E+01
  3.520E-03  3.560E-03  7.014E+07  1.573E+01
  3.560E-03  3.600E-03  1.639E+05  4.000E+01
  3.600E-03  3.640E-03  6.118E+06  5.207E+01
  3.640E-03  3.680E-03  9.860E+01  9.900E+01
  3.680E-03  3.720E-03  1.415E-02  9.900E+01
  3.720E-03  3.760E-03  3.482E-07  9.900E+01
  3.760E-03  3.800E-03  3.635E-07  9.585E+01
  3.800E-03  3.840E-03  3.730E+02  9.900E+01
  3.840E-03  3.880E-03  1.741E-07  9.900E+01
  3.880E-03  3.920E-03  3.730E+02  9.900E+01
  3.920E-03  3.960E-03  0.000E+00  0.000E+00
  3.960E-03  4.000E-03  2.177E+04  9.900E+01


 # double differential distributions
 # number of solid angle intervals           1
 # Block n:            1     0.00000000      :   6.28318548    
  0.000E+00  4.000E-05  7.214E+07  7.285E+00
  4.000E-05  8.000E-05  1.679E+10  6.283E-01
  8.000E-05  1.200E-04  4.961E+10  4.328E-01
  1.200E-04  1.600E-04  1.161E+11  3.840E-01
  1.600E-04  2.000E-04  9.671E+10  3.776E-01
  2.000E-04  2.400E-04  1.525E+11  3.607E-01
  2.400E-04  2.800E-04  1.153E+11  3.640E-01
  2.800E-04  3.200E-04  8.038E+10  3.624E-01
  3.200E-04  3.600E-04  8.881E+10  4.238E-01
  3.600E-04  4.000E-04  7.455E+10  4.102E-01
  4.000E-04  4.400E-04  7.212E+10  4.166E-01
  4.400E-04  4.800E-04  6.928E+10  3.953E-01
  4.800E-04  5.200E-04  8.384E+10  4.317E-01
  5.200E-04  5.600E-04  6.893E+10  4.206E-01
  5.600E-04  6.000E-04  6.505E+10  3.876E-01
  6.000E-04  6.400E-04  6.674E+10  4.235E-01
  6.400E-04  6.800E-04  6.366E+10  4.235E-01
  6.800E-04  7.200E-04  6.802E+10  4.103E-01
  7.200E-04  7.600E-04  6.349E+10  4.061E-01
  7.600E-04  8.000E-04  6.290E+10  4.136E-01
  8.000E-04  8.400E-04  2.592E+11  3.472E-01
  8.400E-04  8.800E-04  6.096E+10  4.327E-01
  8.800E-04  9.200E-04  1.049E+11  4.530E-01
  9.200E-04  9.600E-04  7.300E+10  3.884E-01
  9.600E-04  1.000E-03  5.487E+10  3.901E-01
  1.000E-03  1.040E-03  9.740E+10  3.702E-01
  1.040E-03  1.080E-03  5.633E+10  3.890E-01
  1.080E-03  1.120E-03  1.394E+11  4.702E-01
  1.120E-03  1.160E-03  7.095E+11  3.409E-01
  1.160E-03  1.200E-03  3.584E+11  3.353E-01
  1.200E-03  1.240E-03  7.741E+11  3.428E-01
  1.240E-03  1.280E-03  4.727E+10  4.172E-01
  1.280E-03  1.320E-03  3.082E+10  4.528E-01
  1.320E-03  1.360E-03  2.168E+10  5.944E-01
  1.360E-03  1.400E-03  9.353E+09  9.249E-01
  1.400E-03  1.440E-03  3.139E+09  2.087E+00
  1.440E-03  1.480E-03  4.934E+09  2.115E+00
  1.480E-03  1.520E-03  2.727E+09  2.426E+00
  1.520E-03  1.560E-03  2.744E+09  2.714E+00
  1.560E-03  1.600E-03  5.535E+09  1.630E+00
  1.600E-03  1.640E-03  4.807E+09  2.136E+00
  1.640E-03  1.680E-03  1.945E+09  2.816E+00
  1.680E-03  1.720E-03  1.894E+08  9.354E+00
  1.720E-03  1.760E-03  9.750E+08  4.465E+00
  1.760E-03  1.800E-03  7.763E+08  3.100E+00
  1.800E-03  1.840E-03  9.320E+08  5.097E+00
  1.840E-03  1.880E-03  8.223E+07  1.148E+01
  1.880E-03  1.920E-03  1.339E+09  3.627E+00
  1.920E-03  1.960E-03  1.488E+08  1.007E+01
  1.960E-03  2.000E-03  3.190E+08  7.131E+00
  2.000E-03  2.040E-03  6.052E+08  3.895E+00
  2.040E-03  2.080E-03  7.384E+07  1.218E+01
  2.080E-03  2.120E-03  6.679E+08  5.430E+00
  2.120E-03  2.160E-03  1.560E+07  1.322E+01
  2.160E-03  2.200E-03  7.991E+06  3.009E+01
  2.200E-03  2.240E-03  4.719E+07  1.484E+01
  2.240E-03  2.280E-03  7.950E+07  8.063E+00
  2.280E-03  2.320E-03  5.862E+06  2.097E+01
  2.320E-03  2.360E-03  1.521E+07  1.738E+01
  2.360E-03  2.400E-03  1.191E+07  1.742E+01
  2.400E-03  2.440E-03  1.815E+07  1.155E+01
  2.440E-03  2.480E-03  6.193E+06  2.962E+01
  2.480E-03  2.520E-03  9.418E+06  1.837E+01
  2.520E-03  2.560E-03  9.633E+06  1.993E+01
  2.560E-03  2.600E-03  7.506E+08  3.256E+00
  2.600E-03  2.640E-03  2.015E+06  2.568E+01
  2.640E-03  2.680E-03  4.405E+06  2.044E+01
  2.680E-03  2.720E-03  6.122E+06  1.832E+01
  2.720E-03  2.760E-03  6.800E+06  2.153E+01
  2.760E-03  2.800E-03  2.468E+06  2.304E+01
  2.800E-03  2.840E-03  4.097E+06  1.976E+01
  2.840E-03  2.880E-03  3.508E+06  1.558E+01
  2.880E-03  2.920E-03  4.118E+06  2.310E+01
  2.920E-03  2.960E-03  4.508E+06  1.029E+01
  2.960E-03  3.000E-03  2.515E+06  2.476E+01
  3.000E-03  3.040E-03  5.094E+07  8.868E+00
  3.040E-03  3.080E-03  1.163E+06  3.985E+01
  3.080E-03  3.120E-03  2.218E+06  2.167E+01
  3.120E-03  3.160E-03  2.041E+06  4.197E+01
  3.160E-03  3.200E-03  6.901E+05  3.687E+01
  3.200E-03  3.240E-03  1.276E+08  5.373E+00
  3.240E-03  3.280E-03  4.385E+08  3.928E+00
  3.280E-03  3.320E-03  3.302E+04  3.297E+01
  3.320E-03  3.360E-03  1.858E+03  9.282E+01
  3.360E-03  3.400E-03  6.582E+05  9.724E+01
  3.400E-03  3.440E-03  1.612E+04  4.193E+01
  3.440E-03  3.480E-03  4.768E+07  8.946E+00
  3.480E-03  3.520E-03  5.289E+03  7.473E+01
  3.520E-03  3.560E-03  1.116E+07  1.573E+01
  3.560E-03  3.600E-03  2.609E+04  4.000E+01
  3.600E-03  3.640E-03  9.737E+05  5.207E+01
  3.640E-03  3.680E-03  1.569E+01  9.900E+01
  3.680E-03  3.720E-03  2.252E-03  9.900E+01
  3.720E-03  3.760E-03  5.541E-08  9.900E+01
  3.760E-03  3.800E-03  5.785E-08  9.585E+01
  3.800E-03  3.840E-03  5.936E+01  9.900E+01
  3.840E-03  3.880E-03  2.771E-08  9.900E+01
  3.880E-03  3.920E-03  5.936E+01  9.900E+01
  3.920E-03  3.960E-03  0.000E+00  0.000E+00
  3.960E-03  4.000E-03  3.464E+03  9.900E+01
  4.000E-03  4.000E-03  0.000E+00  0.000E+00

  0.000E+00  6.283E+00  0.000E+00  0.000E+00
  4.000E-05  6.283E+00  0.000E+00  0.000E+00
  8.000E-05  6.283E+00  0.000E+00  0.000E+00
  1.200E-04  6.283E+00  0.000E+00  0.000E+00
  1.600E-04  6.283E+00  0.000E+00  0.000E+00
  2.000E-04  6.283E+00  0.000E+00  0.000E+00
  2.400E-04  6.283E+00  0.000E+00  0.000E+00
  2.800E-04  6.283E+00  0.000E+00  0.000E+00
  3.200E-04  6.283E+00  0.000E+00  0.000E+00
  3.600E-04  6.283E+00  0.000E+00  0.000E+00
  4.000E-04  6.283E+00  0.000E+00  0.000E+00
  4.400E-04  6.283E+00  0.000E+00  0.000E+00
  4.800E-04  6.283E+00  0.000E+00  0.000E+00
  5.200E-04  6.283E+00  0.000E+00  0.000E+00
  5.600E-04  6.283E+00  0.000E+00  0.000E+00
  6.000E-04  6.283E+00  0.000E+00  0.000E+00
  6.400E-04  6.283E+00  0.000E+00  0.000E+00
  6.800E-04  6.283E+00  0.000E+00  0.000E+00
  7.200E-04  6.283E+00  0.000E+00  0.000E+00
  7.600E-04  6.283E+00  0.000E+00  0.000E+00
  8.000E-04  6.283E+00  0.000E+00  0.000E+00
  8.400E-04  6.283E+00  0.000E+00  0.000E+00
  8.800E-04  6.283E+00  0.000E+00  0.000E+00
  9.200E-04  6.283E+00  0.000E+00  0.000E+00
  9.600E-04  6.283E+00  0.000E+00  0.000E+00
  1.000E-03  6.283E+00  0.000E+00  0.000E+00
  1.040E-03  6.283E+00  0.000E+00  0.000E+00
  1.080E-03  6.283E+00  0.000E+00  0.000E+00
  1.120E-03  6.283E+00  0.000E+00  0.000E+00
  1.160E-03  6.283E+00  0.000E+00  0.000E+00
  1.200E-03  6.283E+00  0.000E+00  0.000E+00
  1.240E-03  6.283E+00  0.000E+00  0.000E+00
  1.280E-03  6.283E+00  0.000E+00  0.000E+00
  1.320E-03  6.283E+00  0.000E+00  0.000E+00
  1.360E-03  6.283E+00  0.000E+00  0.000E+00
  1.400E-03  6.283E+00  0.000E+00  0.000E+00
  1.440E-03  6.283E+00  0.000E+00  0.000E+00
  1.480E-03  6.283E+00  0.000E+00  0.000E+00
  1.520E-03  6.283E+00  0.000E+00  0.000E+00
  1.560E-03  6.283E+00  0.000E+00  0.000E+00
  1.600E-03  6.283E+00  0.000E+00  0.000E+00
  1.640E-03  6.283E+00  0.000E+00  0.000E+00
  1.680E-03  6.283E+00  0.000E+00  0.000E+00
  1.720E-03  6.283E+00  0.000E+00  0.000E+00
  1.760E-03  6.283E+00  0.000E+00  0.000E+00
  1.800E-03  6.283E+00  0.000E+00  0.000E+00
  1.840E-03  6.283E+00  0.000E+00  0.000E+00
  1.880E-03  6.283E+00  0.000E+00  0.000E+00
  1.920E-03  6.283E+00  0.000E+00  0.000E+00
  1.960E-03  6.283E+00  0.000E+00  0.000E+00
  2.000E-03  6.283E+00  0.000E+00  0.000E+00
  2.040E-03  6.283E+00  0.000E+00  0.000E+00
  2.080E-03  6.283E+00  0.000E+00  0.000E+00
  2.120E-03  6.283E+00  0.000E+00  0.000E+00
  2.160E-03  6.283E+00  0.000E+00  0.000E+00
  2.200E-03  6.283E+00  0.000E+00  0.000E+00
  2.240E-03  6.283E+00  0.000E+00  0.000E+00
  2.280E-03  6.283E+00  0.000E+00  0.000E+00
  2.320E-03  6.283E+00  0.000E+00  0.000E+00
  2.360E-03  6.283E+00  0.000E+00  0.000E+00
  2.400E-03  6.283E+00  0.000E+00  0.000E+00
  2.440E-03  6.283E+00  0.000E+00  0.000E+00
  2.480E-03  6.283E+00  0.000E+00  0.000E+00
  2.520E-03  6.283E+00  0.000E+00  0.000E+00
  2.560E-03  6.283E+00  0.000E+00  0.000E+00
  2.600E-03  6.283E+00  0.000E+00  0.000E+00
  2.640E-03  6.283E+00  0.000E+00  0.000E+00
  2.680E-03  6.283E+00  0.000E+00  0.000E+00
  2.720E-03  6.283E+00  0.000E+00  0.000E+00
  2.760E-03  6.283E+00  0.000E+00  0.000E+00
  2.800E-03  6.283E+00  0.000E+00  0.000E+00
  2.840E-03  6.283E+00  0.000E+00  0.000E+00
  2.880E-03  6.283E+00  0.000E+00  0.000E+00
  2.920E-03  6.283E+00  0.000E+00  0.000E+00
  2.960E-03  6.283E+00  0.000E+00  0.000E+00
  3.000E-03  6.283E+00  0.000E+00  0.000E+00
  3.040E-03  6.283E+00  0.000E+00  0.000E+00
  3.080E-03  6.283E+00  0.000E+00  0.000E+00
  3.120E-03  6.283E+00  0.000E+00  0.000E+00
  3.160E-03  6.283E+00  0.000E+00  0.000E+00
  3.200E-03  6.283E+00  0.000E+00  0.000E+00
  3.240E-03  6.283E+00  0.000E+00  0.000E+00
  3.280E-03  6.283E+00  0.000E+00  0.000E+00
  3.320E-03  6.283E+00  0.000E+00  0.000E+00
  3.360E-03  6.283E+00  0.000E+00  0.000E+00
  3.400E-03  6.283E+00  0.000E+00  0.000E+00
  3.440E-03  6.283E+00  0.000E+00  0.000E+00
  3.480E-03  6.283E+00  0.000E+00  0.000E+00
  3.520E-03  6.283E+00  0.000E+00  0.000E+00
  3.560E-03  6.283E+00  0.000E+00  0.000E+00
  3.600E-03  6.283E+00  0.000E+00  0.000E+00
  3.640E-03  6.283E+00  0.000E+00  0.000E+00
  3.680E-03  6.283E+00  0.000E+00  0.000E+00
  3.720E-03  6.283E+00  0.000E+00  0.000E+00
  3.760E-03  6.283E+00  0.000E+00  0.000E+00
  3.800E-03  6.283E+00  0.000E+00  0.000E+00
  3.840E-03  6.283E+00  0.000E+00  0.000E+00
  3.880E-03  6.283E+00  0.000E+00  0.000E+00
  3.920E-03  6.283E+00  0.000E+00  0.000E+00
  3.960E-03  6.283E+00  0.000E+00  0.000E+00
  4.000E-03  6.283E+00  0.000E+00  0.000E+00
