  **** ucn_21.trk ****


  Total primaries run:          875000

    Total weight of the primaries run:  875000.


  Detector n:  1  HeIInflux 
     (Volume:         1. cmc,
      distr. scored: 8   ,
      from reg. 14 )

     Tot. response (p/cmq/pr)   24.26676      +/-  0.4047962     %
     ( --> Track l. (cm/pr)       24.26676      +/-  0.4047962     % )

  **** Different. Fluxes as a function of energy ****
  ****      (integrated over solid angle)        ****


  Energy boundaries (GeV):


  Lowest boundary   (GeV):  2.0000000E-02

  Flux (Part/GeV/cmq/pr):



  Energy boundaries (GeV):

  2.0000000E-02  1.9640300E-02  1.9155400E-02  1.8682500E-02  1.8221200E-02
  1.7771300E-02  1.7332500E-02  1.6904600E-02  1.6487200E-02  1.6080100E-02
  1.5683100E-02  1.5295900E-02  1.4918300E-02  1.4549900E-02  1.4190700E-02
  1.3840300E-02  1.3498600E-02  1.3165300E-02  1.2840200E-02  1.2523200E-02
  1.2214000E-02  1.1912500E-02  1.1618300E-02  1.1331500E-02  1.1051700E-02
  1.0778800E-02  1.0512700E-02  1.0253200E-02  9.9999998E-03  9.7530996E-03
  9.5122904E-03  9.2774397E-03  9.0483697E-03  8.8249696E-03  8.6070802E-03
  8.3945701E-03  8.1873098E-03  7.9851598E-03  7.7880099E-03  7.5957198E-03
  7.4081798E-03  7.2252699E-03  7.0468802E-03  6.8728901E-03  6.7031998E-03
  6.6475999E-03  6.5923799E-03  6.5377001E-03  6.3762800E-03  6.2188501E-03
  6.0653100E-03  5.9155500E-03  5.7695000E-03  5.4881200E-03  5.2204598E-03
  4.9658502E-03  4.8432499E-03  4.7236700E-03  4.6070400E-03  4.4932901E-03
  4.2741499E-03  4.0656999E-03  3.8674099E-03  3.6787901E-03  3.4993801E-03
  3.3287101E-03  3.2465300E-03  3.1663701E-03  3.0881900E-03  3.0119400E-03
  2.8650500E-03  2.7253199E-03  2.5923999E-03  2.4659701E-03  2.4251300E-03
  2.3852000E-03  2.3652499E-03  2.3457000E-03  2.3068599E-03  2.2688799E-03
  2.2313001E-03  2.1224800E-03  2.0189700E-03  1.9691200E-03  1.9205000E-03
  1.8730800E-03  1.8268300E-03  1.7377400E-03  1.6529900E-03  1.6121800E-03
  1.5723699E-03  1.5335500E-03  1.4956900E-03  1.4227401E-03  1.3533500E-03
  1.2873500E-03  1.2245600E-03  1.1943300E-03  1.1648400E-03  1.1080300E-03
  1.0539900E-03  1.0025901E-03  9.7783399E-04  9.6163998E-04  9.5369201E-04
  9.0717903E-04  8.6293602E-04  8.2085002E-04  7.8081700E-04  7.4273598E-04
  7.0651202E-04  6.7205500E-04  6.3927902E-04  6.0810102E-04  5.7844300E-04
  5.5023201E-04  5.3664698E-04  5.2339700E-04  5.1047403E-04  4.9787102E-04
  4.7358900E-04  4.5049199E-04  4.2852099E-04  4.0762199E-04  3.8774201E-04
  3.6883200E-04  3.5084400E-04  3.3373301E-04  3.1745600E-04  3.0961799E-04
  3.0197401E-04  2.9451799E-04  2.8724599E-04  2.8015400E-04  2.7323700E-04
  2.5991100E-04  2.4723500E-04  2.3517800E-04  2.2370800E-04  2.1279699E-04
  2.0241900E-04  1.9254700E-04  1.8315599E-04  1.7422400E-04  1.6992200E-04
  1.6572700E-04  1.6163501E-04  1.5764400E-04  1.4995600E-04  1.4264201E-04
  1.3568600E-04  1.2906799E-04  1.2277300E-04  1.1678600E-04  1.1109000E-04
  9.8036500E-05  8.6516899E-05  7.6350902E-05  6.7379500E-05  6.2510902E-05
  5.9462200E-05  5.6562199E-05  5.2475199E-05  4.6309200E-05  4.0867701E-05
  3.6065601E-05  3.5175199E-05  3.4306700E-05  3.1827800E-05  2.8087899E-05
  2.6058400E-05  2.4787500E-05  2.4175501E-05  2.3578599E-05  2.1874899E-05
  2.1334799E-05  1.9304500E-05  1.7036200E-05  1.5034400E-05  1.3267800E-05
  1.1708800E-05  1.0333000E-05  9.1188203E-06  8.0473301E-06  7.1017398E-06
  6.2672698E-06  5.5308401E-06  5.0045101E-06  4.5282700E-06  4.3074201E-06
  4.0973500E-06  3.7074401E-06  3.3546301E-06  3.0353899E-06  2.8634900E-06
  2.7465401E-06  2.6125899E-06  2.4851699E-06  2.2486699E-06  2.0346799E-06
  1.8410600E-06  1.6658601E-06  1.5846100E-06  1.5073300E-06  1.3638900E-06
  1.2341000E-06  9.6111603E-07  7.4851800E-07  5.8294700E-07  4.5399901E-07
  3.5357499E-07  2.7536399E-07  2.1445400E-07  1.6701701E-07  1.3007300E-07
  1.0130100E-07  7.8893301E-08  6.1442101E-08  4.7851199E-08  3.7266499E-08
  2.9023200E-08  2.2603301E-08  1.7603501E-08  1.3709600E-08  1.0677000E-08
  8.3152898E-09  6.4759500E-09  5.0434799E-09  3.9278598E-09  3.0590199E-09
  2.3823701E-09  1.8553900E-09  1.4449800E-09  1.1253500E-09  8.7642499E-10
  8.3368101E-10  6.8256001E-10  6.2506200E-10  5.3157900E-10  4.1399401E-10
  2.8261499E-10  1.9292901E-10  1.3170399E-10  8.9908601E-11  6.1376598E-11
  4.1899099E-11  2.8602700E-11  1.9525799E-11  1.3329400E-11  9.0993801E-12
  6.2117499E-12  4.2404799E-12  2.8947901E-12  1.9761499E-12  1.3490300E-12
  9.2092198E-13  6.2867300E-13  4.2916701E-13  2.9297300E-13  2.0000000E-13
  Lowest boundary   (GeV):  1.0000100E-14

  Flux (Part/GeV/cmq/pr):

   2.093516     +/-    11.54699     %    1.410749     +/-    13.63845     % 
   2.396424     +/-    7.455520     %    1.962125     +/-    14.88303     % 
   2.197532     +/-    16.48125     %    2.060767     +/-    15.64837     % 
   1.857588     +/-    11.79452     %    2.473577     +/-    10.03633     % 
   2.477670     +/-    10.11714     %    1.861509     +/-    10.67426     % 
   1.916842     +/-    16.02585     %    2.608161     +/-    13.25471     % 
   2.809003     +/-    11.33579     %    2.999323     +/-    11.25639     % 
   2.647086     +/-    12.07951     %    2.744966     +/-    12.87405     % 
   3.685287     +/-    8.131895     %    2.954592     +/-    11.75867     % 
   4.001512     +/-    13.27995     %    2.991778     +/-    14.12314     % 
   4.152924     +/-    9.640602     %    3.782523     +/-    11.72441     % 
   3.270540     +/-    8.634655     %    4.052691     +/-    10.06113     % 
   3.596613     +/-    10.83956     %    3.531939     +/-    12.72305     % 
   3.509716     +/-    9.480344     %    4.224551     +/-    10.62760     % 
   3.892523     +/-    10.34068     %    4.846140     +/-    10.07474     % 
   5.899197     +/-    7.226729     %    5.973287     +/-    8.223386     % 
   6.241890     +/-    9.813516     %    5.748122     +/-    9.685352     % 
   4.964119     +/-    10.39231     %    5.829523     +/-    12.04492     % 
   5.837926     +/-    8.304773     %    5.065107     +/-    9.727055     % 
   6.654555     +/-    12.60364     %    6.309323     +/-    11.63359     % 
   7.520707     +/-    12.50522     %    7.703294     +/-    8.070130     % 
   7.290863     +/-    8.246354     %    6.430172     +/-    9.232377     % 
   7.968677     +/-    16.03688     %    7.167166     +/-    18.33869     % 
   6.178689     +/-    21.81783     %    9.481292     +/-    9.004604     % 
   8.168912     +/-    12.74013     %    9.746307     +/-    9.202693     % 
   9.066420     +/-    10.15419     %    8.217339     +/-    13.05203     % 
   11.01479     +/-    8.213493     %    10.73465     +/-    5.137620     % 
   11.70593     +/-    6.326185     %    12.94328     +/-    7.909066     % 
   12.05778     +/-    10.55045     %    13.98081     +/-    11.04081     % 
   14.13063     +/-    10.50172     %    14.84314     +/-    9.237113     % 
   16.97792     +/-    6.334054     %    18.23780     +/-    5.308696     % 
   17.45979     +/-    6.040213     %    19.54917     +/-    5.799619     % 
   19.78985     +/-    7.237038     %    22.72816     +/-    9.734421     % 
   22.15424     +/-    7.792247     %    24.32108     +/-    8.134584     % 
   25.25237     +/-    8.101490     %    26.47931     +/-    7.077276     % 
   27.81001     +/-    8.333867     %    33.02265     +/-    6.544136     % 
   36.50764     +/-    4.729846     %    51.52391     +/-    8.609894     % 
   45.64764     +/-    9.011468     %    46.32055     +/-    10.98256     % 
   60.74768     +/-    10.47076     %    43.56387     +/-    6.442895     % 
   51.90460     +/-    7.454278     %    49.76400     +/-    6.582514     % 
   55.48100     +/-    5.165815     %    58.81664     +/-    4.069333     % 
   60.17848     +/-    6.156955     %    65.55779     +/-    6.879218     % 
   65.25798     +/-    5.445683     %    75.88352     +/-    5.911462     % 
   77.04545     +/-    4.859488     %    77.22081     +/-    4.603303     % 
   85.46239     +/-    6.790276     %    85.55564     +/-    5.543599     % 
   89.52160     +/-    6.568195     %    91.75461     +/-    4.499509     % 
   84.61195     +/-    3.652957     %    99.63699     +/-    4.200212     % 
   100.6720     +/-    4.675062     %    103.6411     +/-    2.933137     % 
   105.0438     +/-    3.737331     %    104.3283     +/-    5.379849     % 
   118.2352     +/-    4.327987     %    126.8601     +/-    5.247229     % 
   137.2578     +/-    4.488865     %    128.5278     +/-    5.779741     % 
   154.4658     +/-    6.872309     %    187.3077     +/-    8.587232     % 
   177.5759     +/-    3.594395     %    181.4940     +/-    3.180762     % 
   195.0683     +/-    3.737239     %    211.6958     +/-    4.094714     % 
   261.6316     +/-    3.251282     %    322.2078     +/-    4.049085     % 
   368.1919     +/-    2.912229     %    357.0367     +/-    3.637935     % 
   410.8335     +/-    2.652060     %    484.5988     +/-    4.457493     % 
   466.4186     +/-    4.336172     %    535.4510     +/-    5.499792     % 
   485.1920     +/-    5.798756     %    567.9521     +/-    4.123706     % 
   643.2438     +/-    5.446418     %    643.4360     +/-    2.737399     % 
   697.9787     +/-    2.483715     %    679.1301     +/-    3.434572     % 
   693.0472     +/-    2.965951     %    913.5374     +/-    4.357448     % 
   880.2903     +/-    2.071630     %    972.0939     +/-    2.737025     % 
   1161.844     +/-    2.591403     %    1196.148     +/-    2.789674     % 
   1070.854     +/-    3.023762     %    1174.989     +/-    3.268712     % 
   1366.845     +/-    2.856383     %    1312.207     +/-    4.176289     % 
   1238.834     +/-    4.834696     %    1553.036     +/-    3.612256     % 
   1822.193     +/-    3.250247     %    1812.107     +/-    2.895353     % 
   1784.561     +/-    2.000996     %    1677.042     +/-    2.608655     % 
   1826.020     +/-    2.209690     %    1748.720     +/-    3.413180     % 
   2328.601     +/-    3.133437     %    2625.804     +/-    1.858497     % 
   2499.114     +/-    1.702676     %    2415.229     +/-    3.862336     % 
   2670.954     +/-    4.780272     %    2580.273     +/-    3.714778     % 
   2053.500     +/-    3.300924     %    2414.596     +/-    2.858618     % 
   2887.860     +/-    2.134059     %    3664.647     +/-    2.024619     % 
   5088.318     +/-    2.517587     %    4825.382     +/-    2.149359     % 
   3353.719     +/-    2.725959     %    5111.937     +/-    3.180274     % 
   4994.347     +/-    1.372041     %    4188.208     +/-    1.847535     % 
   7167.500     +/-    1.610096     %    9724.867     +/-    1.399028     % 
   10000.34     +/-    1.253538     %    10816.17     +/-    2.757607     % 
   11339.89     +/-    2.310689     %    11527.16     +/-    2.025070     % 
   13333.50     +/-    1.097022     %    14301.65     +/-    1.527401     % 
   12969.22     +/-    1.192236     %    9200.880     +/-    5.027593     % 
   11103.92     +/-    4.264458     %    21482.12     +/-    1.579131     % 
   32425.00     +/-    1.158787     %    30288.59     +/-    1.459042     % 
   29701.85     +/-    1.909757     %    30609.46     +/-    3.528232     % 
   31167.09     +/-    3.072513     %    34879.85     +/-    1.672494     % 
   35386.48     +/-    2.267773     %    38881.97     +/-    1.412682     % 
   44053.22     +/-    1.182337     %    50384.45     +/-    1.148414     % 
   58656.59     +/-    1.637760     %    69633.23     +/-    1.301112     % 
   75478.97     +/-    1.668697     %    87185.91     +/-   0.9972694     % 
   101039.0     +/-    1.435293     %    116415.0     +/-    1.258916     % 
   131504.7     +/-    1.178522     %    133562.0     +/-    1.315494     % 
   192675.3     +/-    1.517198     %    192878.0     +/-    1.406800     % 
   208677.7     +/-    1.735389     %    229349.6     +/-    2.048692     % 
   242157.2     +/-    1.349587     %    262979.4     +/-    1.390139     % 
   294415.1     +/-    1.596382     %    312539.2     +/-    2.028724     % 
   330110.7     +/-    2.054183     %    356148.0     +/-    1.750733     % 
   382186.0     +/-    1.587220     %    401035.6     +/-    1.080947     % 
   457792.8     +/-    1.269683     %    492483.6     +/-   0.8892516     % 
   544953.0     +/-    1.460270     %    600035.6     +/-    2.272550     % 
   626299.6     +/-    2.709528     %    676386.0     +/-    1.696948     % 
   751928.4     +/-    1.182067     %    913279.4     +/-   0.9837828     % 
   1180247.     +/-   0.9961745     %    1508729.     +/-    1.031064     % 
   1942680.     +/-   0.7181100     %    2551607.     +/-   0.8023217     % 
   3244992.     +/-   0.8944525     %    4207932.     +/-   0.6834783     % 
   5365622.     +/-   0.9214318     %    6941320.     +/-   0.6280944     % 
   8733139.     +/-   0.9583058     %   1.1538161E+07 +/-    1.090847     % 
  1.4271753E+07 +/-   0.6841218     %   1.8655044E+07 +/-   0.8372705     % 
  2.3728076E+07 +/-   0.7416527     %   3.0622206E+07 +/-   0.9300389     % 
  3.8429792E+07 +/-   0.7466620     %   5.0243376E+07 +/-   0.8989582     % 
  6.2717812E+07 +/-    1.058289     %   8.0684240E+07 +/-    1.127099     % 
  1.0176575E+08 +/-   0.8641933     %   1.3152707E+08 +/-   0.7245044     % 
  1.6431875E+08 +/-   0.7091406     %   2.0833870E+08 +/-    1.088552     % 
  2.6726768E+08 +/-    1.175412     %   3.4280294E+08 +/-   0.9121232     % 
  4.3118906E+08 +/-   0.9114258     %   5.5792211E+08 +/-    1.067968     % 
  7.2275590E+08 +/-    1.212847     %   9.1601568E+08 +/-    1.031194     % 
  1.0780456E+09 +/-    2.968784     %   1.2179630E+09 +/-   0.9681389     % 
  1.3857844E+09 +/-    2.110623     %   1.5521244E+09 +/-    1.467067     % 
  1.9128539E+09 +/-   0.7800868     %   2.6583276E+09 +/-    1.273152     % 
  4.0080806E+09 +/-    1.047151     %   6.1089377E+09 +/-    1.075265     % 
  1.0273440E+10 +/-   0.6767261     %   1.9616487E+10 +/-    2.089360     % 
  3.8239060E+10 +/-    1.884143     %   8.7636754E+10 +/-    1.511767     % 
  1.7965279E+11 +/-    1.395269     %   2.8332222E+11 +/-    1.791197     % 
  3.7266817E+11 +/-    2.147927     %   4.0097763E+11 +/-    1.187112     % 
  3.9142044E+11 +/-    1.739746     %   3.2961957E+11 +/-    2.133585     % 
  2.6985937E+11 +/-    2.336256     %   2.2131691E+11 +/-    3.443177     % 
  1.6256011E+11 +/-    4.942993     %   1.1627826E+11 +/-    4.630608     % 
  8.4853834E+10 +/-    10.24230     %   4.9486488E+10 +/-    10.60347     % 
  4.1723564E+10 +/-    21.03263     %   1.9577741E+10 +/-    21.23005     % 


  **** Cumulative Fluxes as a function of energy ****
  ****      (integrated over solid angle)        ****


  Energy boundaries (GeV):



  Lowest boundary   (GeV):  2.0000000E-02

  Cumul. Flux (Part/cmq/pr):



  Energy boundaries (GeV):

  2.0000000E-02  1.9640300E-02  1.9155400E-02  1.8682500E-02  1.8221200E-02
  1.7771300E-02  1.7332500E-02  1.6904600E-02  1.6487200E-02  1.6080100E-02
  1.5683100E-02  1.5295900E-02  1.4918300E-02  1.4549900E-02  1.4190700E-02
  1.3840300E-02  1.3498600E-02  1.3165300E-02  1.2840200E-02  1.2523200E-02
  1.2214000E-02  1.1912500E-02  1.1618300E-02  1.1331500E-02  1.1051700E-02
  1.0778800E-02  1.0512700E-02  1.0253200E-02  9.9999998E-03  9.7530996E-03
  9.5122904E-03  9.2774397E-03  9.0483697E-03  8.8249696E-03  8.6070802E-03
  8.3945701E-03  8.1873098E-03  7.9851598E-03  7.7880099E-03  7.5957198E-03
  7.4081798E-03  7.2252699E-03  7.0468802E-03  6.8728901E-03  6.7031998E-03
  6.6475999E-03  6.5923799E-03  6.5377001E-03  6.3762800E-03  6.2188501E-03
  6.0653100E-03  5.9155500E-03  5.7695000E-03  5.4881200E-03  5.2204598E-03
  4.9658502E-03  4.8432499E-03  4.7236700E-03  4.6070400E-03  4.4932901E-03
  4.2741499E-03  4.0656999E-03  3.8674099E-03  3.6787901E-03  3.4993801E-03
  3.3287101E-03  3.2465300E-03  3.1663701E-03  3.0881900E-03  3.0119400E-03
  2.8650500E-03  2.7253199E-03  2.5923999E-03  2.4659701E-03  2.4251300E-03
  2.3852000E-03  2.3652499E-03  2.3457000E-03  2.3068599E-03  2.2688799E-03
  2.2313001E-03  2.1224800E-03  2.0189700E-03  1.9691200E-03  1.9205000E-03
  1.8730800E-03  1.8268300E-03  1.7377400E-03  1.6529900E-03  1.6121800E-03
  1.5723699E-03  1.5335500E-03  1.4956900E-03  1.4227401E-03  1.3533500E-03
  1.2873500E-03  1.2245600E-03  1.1943300E-03  1.1648400E-03  1.1080300E-03
  1.0539900E-03  1.0025901E-03  9.7783399E-04  9.6163998E-04  9.5369201E-04
  9.0717903E-04  8.6293602E-04  8.2085002E-04  7.8081700E-04  7.4273598E-04
  7.0651202E-04  6.7205500E-04  6.3927902E-04  6.0810102E-04  5.7844300E-04
  5.5023201E-04  5.3664698E-04  5.2339700E-04  5.1047403E-04  4.9787102E-04
  4.7358900E-04  4.5049199E-04  4.2852099E-04  4.0762199E-04  3.8774201E-04
  3.6883200E-04  3.5084400E-04  3.3373301E-04  3.1745600E-04  3.0961799E-04
  3.0197401E-04  2.9451799E-04  2.8724599E-04  2.8015400E-04  2.7323700E-04
  2.5991100E-04  2.4723500E-04  2.3517800E-04  2.2370800E-04  2.1279699E-04
  2.0241900E-04  1.9254700E-04  1.8315599E-04  1.7422400E-04  1.6992200E-04
  1.6572700E-04  1.6163501E-04  1.5764400E-04  1.4995600E-04  1.4264201E-04
  1.3568600E-04  1.2906799E-04  1.2277300E-04  1.1678600E-04  1.1109000E-04
  9.8036500E-05  8.6516899E-05  7.6350902E-05  6.7379500E-05  6.2510902E-05
  5.9462200E-05  5.6562199E-05  5.2475199E-05  4.6309200E-05  4.0867701E-05
  3.6065601E-05  3.5175199E-05  3.4306700E-05  3.1827800E-05  2.8087899E-05
  2.6058400E-05  2.4787500E-05  2.4175501E-05  2.3578599E-05  2.1874899E-05
  2.1334799E-05  1.9304500E-05  1.7036200E-05  1.5034400E-05  1.3267800E-05
  1.1708800E-05  1.0333000E-05  9.1188203E-06  8.0473301E-06  7.1017398E-06
  6.2672698E-06  5.5308401E-06  5.0045101E-06  4.5282700E-06  4.3074201E-06
  4.0973500E-06  3.7074401E-06  3.3546301E-06  3.0353899E-06  2.8634900E-06
  2.7465401E-06  2.6125899E-06  2.4851699E-06  2.2486699E-06  2.0346799E-06
  1.8410600E-06  1.6658601E-06  1.5846100E-06  1.5073300E-06  1.3638900E-06
  1.2341000E-06  9.6111603E-07  7.4851800E-07  5.8294700E-07  4.5399901E-07
  3.5357499E-07  2.7536399E-07  2.1445400E-07  1.6701701E-07  1.3007300E-07
  1.0130100E-07  7.8893301E-08  6.1442101E-08  4.7851199E-08  3.7266499E-08
  2.9023200E-08  2.2603301E-08  1.7603501E-08  1.3709600E-08  1.0677000E-08
  8.3152898E-09  6.4759500E-09  5.0434799E-09  3.9278598E-09  3.0590199E-09
  2.3823701E-09  1.8553900E-09  1.4449800E-09  1.1253500E-09  8.7642499E-10
  8.3368101E-10  6.8256001E-10  6.2506200E-10  5.3157900E-10  4.1399401E-10
  2.8261499E-10  1.9292901E-10  1.3170399E-10  8.9908601E-11  6.1376598E-11
  4.1899099E-11  2.8602700E-11  1.9525799E-11  1.3329400E-11  9.0993801E-12
  6.2117499E-12  4.2404799E-12  2.8947901E-12  1.9761499E-12  1.3490300E-12
  9.2092198E-13  6.2867300E-13  4.2916701E-13  2.9297300E-13  2.0000000E-13
  Lowest boundary   (GeV):  1.0000100E-14


  Cumul. Flux (Part/cmq/pr):

  7.5303577E-04 +/-    11.54699     %   1.4371086E-03 +/-    9.251705     % 
  2.5703765E-03 +/-    5.277425     %   3.4755066E-03 +/-    4.429805     % 
  4.4641756E-03 +/-    4.675063     %   5.3684404E-03 +/-    5.137107     % 
  6.1633019E-03 +/-    4.362481     %   7.1957735E-03 +/-    4.103133     % 
  8.2044322E-03 +/-    2.945951     %   8.9434525E-03 +/-    2.674290     % 
  9.6856523E-03 +/-    2.549535     %   1.0670494E-02 +/-    2.713057     % 
  1.1705332E-02 +/-    2.458933     %   1.2782688E-02 +/-    2.410662     % 
  1.3710227E-02 +/-    2.541973     %   1.4648183E-02 +/-    2.691020     % 
  1.5876489E-02 +/-    2.466918     %   1.6837025E-02 +/-    2.242233     % 
  1.8105503E-02 +/-    1.983940     %   1.9030562E-02 +/-    2.091522     % 
  2.0282671E-02 +/-    1.989796     %   2.1395488E-02 +/-    1.834250     % 
  2.2333480E-02 +/-    1.526710     %   2.3467420E-02 +/-    1.568621     % 
  2.4448939E-02 +/-    1.610159     %   2.5388785E-02 +/-    1.646326     % 
  2.6299557E-02 +/-    1.527002     %   2.7369214E-02 +/-    1.616924     % 
  2.8330280E-02 +/-    1.656770     %   2.9497275E-02 +/-    1.545052     % 
  3.0882705E-02 +/-    1.462218     %   3.2251004E-02 +/-    1.470632     % 
  3.3645444E-02 +/-    1.498243     %   3.4897901E-02 +/-    1.492189     % 
  3.5952825E-02 +/-    1.409091     %   3.7161052E-02 +/-    1.443892     % 
  3.8341191E-02 +/-    1.368432     %   3.9339777E-02 +/-    1.229559     % 
  4.0619381E-02 +/-    1.153852     %   4.1802630E-02 +/-    1.232224     % 
  4.3178242E-02 +/-    1.307281     %   4.4552431E-02 +/-    1.335289     % 
  4.5820970E-02 +/-    1.398339     %   4.6912108E-02 +/-    1.411977     % 
  4.7355164E-02 +/-    1.435951     %   4.7750935E-02 +/-    1.413142     % 
  4.8088785E-02 +/-    1.413273     %   4.9619257E-02 +/-    1.437920     % 
  5.0905287E-02 +/-    1.387493     %   5.2401736E-02 +/-    1.463335     % 
  5.3759523E-02 +/-    1.484731     %   5.4959666E-02 +/-    1.442747     % 
  5.8059007E-02 +/-    1.462668     %   6.0932245E-02 +/-    1.457805     % 
  6.3912690E-02 +/-    1.380870     %   6.5499537E-02 +/-    1.426684     % 
  6.6941410E-02 +/-    1.452183     %   6.8571992E-02 +/-    1.371055     % 
  7.0179343E-02 +/-    1.450602     %   7.3432073E-02 +/-    1.379759     % 
  7.6971121E-02 +/-    1.344729     %   8.0587499E-02 +/-    1.398355     % 
  8.3880760E-02 +/-    1.452482     %   8.7388076E-02 +/-    1.452683     % 
  9.0765610E-02 +/-    1.376373     %   9.2633411E-02 +/-    1.400407     % 
  9.4409294E-02 +/-    1.360477     %   9.6310720E-02 +/-    1.252561     % 
  9.8236211E-02 +/-    1.171950     %   0.1021258     +/-    1.256754     % 
  0.1060117     +/-    1.240111     %   0.1104010     +/-    1.210384     % 
  0.1150167     +/-    1.177353     %   0.1171209     +/-    1.144068     % 
  0.1189436     +/-    1.094639     %   0.1198677     +/-    1.066502     % 
  0.1210553     +/-    1.078341     %   0.1227474     +/-    1.076654     % 
  0.1247187     +/-    1.085369     %   0.1265888     +/-    1.072257     % 
  0.1326263     +/-    1.110733     %   0.1387144     +/-    1.100700     % 
  0.1417143     +/-    1.115605     %   0.1449017     +/-    1.166804     % 
  0.1479962     +/-    1.134783     %   0.1515058     +/-    1.116520     % 
  0.1583698     +/-    1.112570     %   0.1649143     +/-    1.129359     % 
  0.1684020     +/-    1.194075     %   0.1718080     +/-    1.226233     % 
  0.1752832     +/-    1.191393     %   0.1787570     +/-    1.189335     % 
  0.1849295     +/-    1.152006     %   0.1918433     +/-    1.160559     % 
  0.1984876     +/-    1.165474     %   0.2049953     +/-    1.142957     % 
  0.2081707     +/-    1.141667     %   0.2112474     +/-    1.073255     % 
  0.2179643     +/-    1.051998     %   0.2248199     +/-    1.121747     % 
  0.2318749     +/-    1.095441     %   0.2350567     +/-    1.086220     % 
  0.2375582     +/-    1.063561     %   0.2390469     +/-    1.078462     % 
  0.2473065     +/-    1.069076     %   0.2553363     +/-    1.026075     % 
  0.2635459     +/-    1.028657     %   0.2720208     +/-   0.9695243     % 
  0.2819840     +/-   0.9477807     %   0.2936556     +/-    1.003291     % 
  0.3063424     +/-   0.9404327     %   0.3180446     +/-   0.9305193     % 
  0.3308536     +/-   0.9094185     %   0.3452258     +/-   0.8526188     % 
  0.3583840     +/-   0.8228474     %   0.3656581     +/-   0.8415332     % 
  0.3720869     +/-   0.8523870     %   0.3794265     +/-   0.8651839     % 
  0.3875333     +/-   0.8658100     %   0.4031572     +/-   0.8558342     % 
  0.4192784     +/-   0.8933424     %   0.4341996     +/-   0.8735288     % 
  0.4486836     +/-   0.8155914     %   0.4668447     +/-   0.8394280     % 
  0.4834910     +/-   0.7978266     %   0.5009770     +/-   0.7869859     % 
  0.5208573     +/-   0.7472119     %   0.5403271     +/-   0.7751421     % 
  0.5487204     +/-   0.7535353     %   0.5577020     +/-   0.7222959     % 
  0.5678932     +/-   0.7272942     %   0.5774356     +/-   0.7327961     % 
  0.5862214     +/-   0.7021160     %   0.5969637     +/-   0.6865048     % 
  0.6212463     +/-   0.6807736     %   0.6442165     +/-   0.7023038     % 
  0.6657330     +/-   0.7135314     %   0.6849687     +/-   0.7005872     % 
  0.7048924     +/-   0.6991503     %   0.7230406     +/-   0.6936941     % 
  0.7460285     +/-   0.6873347     %   0.7706875     +/-   0.6657584     % 
  0.7930096     +/-   0.6315482     %   0.8033999     +/-   0.6042325     % 
  0.8146045     +/-   0.6430777     %   0.8251630     +/-   0.6306198     % 
  0.8333585     +/-   0.6411576     %   0.8519219     +/-   0.6448114     % 
  0.8730437     +/-   0.6402220     %   0.8985350     +/-   0.6344506     % 
  0.9322096     +/-   0.6569414     %   0.9625853     +/-   0.6300433     % 
  0.9826640     +/-   0.6168792     %    1.011782     +/-   0.6506403     % 
   1.076975     +/-   0.6298343     %    1.125222     +/-   0.6614343     % 
   1.198087     +/-   0.6688477     %    1.285332     +/-   0.6469285     % 
   1.334020     +/-   0.6119831     %    1.366995     +/-   0.5928731     % 
   1.399881     +/-   0.5580461     %    1.446992     +/-   0.5681273     % 
   1.529207     +/-   0.5436605     %    1.607029     +/-   0.5387453     % 
   1.669309     +/-   0.5275261     %    1.677501     +/-   0.5350173     % 
   1.687145     +/-   0.5375097     %    1.740397     +/-   0.5260804     % 
   1.861663     +/-   0.4891837     %    1.923134     +/-   0.4898877     % 
   1.960882     +/-   0.4701820     %    1.979615     +/-   0.4705505     % 
   1.998219     +/-   0.4590160     %    2.057643     +/-   0.4526876     % 
   2.076756     +/-   0.4556369     %    2.155698     +/-   0.4494502     % 
   2.255624     +/-   0.4460096     %    2.356483     +/-   0.4444149     % 
   2.460106     +/-   0.4545197     %    2.568664     +/-   0.4539894     % 
   2.672508     +/-   0.4184978     %    2.778367     +/-   0.4145942     % 
   2.886630     +/-   0.4202480     %    2.996711     +/-   0.4214172     % 
   3.106447     +/-   0.4135187     %    3.204806     +/-   0.4095064     % 
   3.306217     +/-   0.4138622     %    3.398073     +/-   0.3968290     % 
   3.444160     +/-   0.3991886     %    3.492339     +/-   0.3938537     % 
   3.586759     +/-   0.3911650     %    3.679541     +/-   0.3840969     % 
   3.773530     +/-   0.3917921     %    3.827255     +/-   0.3991706     % 
   3.865862     +/-   0.4011204     %    3.913568     +/-   0.3904849     % 
   3.962266     +/-   0.3791166     %    4.057111     +/-   0.3670431     % 
   4.155074     +/-   0.3618377     %    4.250429     +/-   0.3556953     % 
   4.345904     +/-   0.3606947     %    4.394657     +/-   0.3700062     % 
   4.443058     +/-   0.3639020     %    4.540078     +/-   0.3629355     % 
   4.637671     +/-   0.3533848     %    4.886982     +/-   0.3187889     % 
   5.137900     +/-   0.3209233     %    5.387702     +/-   0.3151571     % 
   5.638206     +/-   0.3075123     %    5.894449     +/-   0.3092600     % 
   6.148243     +/-   0.3050190     %    6.404548     +/-   0.2767437     % 
   6.659077     +/-   0.2752261     %    6.915517     +/-   0.2648071     % 
   7.166787     +/-   0.2640692     %    7.425331     +/-   0.2730482     % 
   7.674390     +/-   0.2753513     %    7.927929     +/-   0.2732147     % 
   8.179084     +/-   0.2698229     %    8.431512     +/-   0.2730707     % 
   8.678226     +/-   0.2793538     %    8.929434     +/-   0.2817563     % 
   9.173651     +/-   0.2721968     %    9.418334     +/-   0.2684051     % 
   9.658675     +/-   0.2647987     %    9.900598     +/-   0.2614247     % 
   10.13598     +/-   0.2619537     %    10.36841     +/-   0.2524408     % 
   10.60062     +/-   0.2517644     %    10.83258     +/-   0.2580530     % 
   11.05980     +/-   0.2451582     %    11.28878     +/-   0.2520757     % 
   11.51980     +/-   0.2415600     %    11.74782     +/-   0.2383326     % 
   11.79390     +/-   0.2360727     %    11.97795     +/-   0.2293195     % 
   12.05764     +/-   0.2323907     %    12.20273     +/-   0.2302125     % 
   12.42766     +/-   0.2201334     %    12.77690     +/-   0.2032564     % 
   13.13637     +/-   0.2037885     %    13.51039     +/-   0.1978885     % 
   13.93977     +/-   0.1889005     %    14.49947     +/-   0.2088002     % 
   15.24427     +/-   0.2347399     %    16.40953     +/-   0.2706133     % 
   18.04022     +/-   0.3096069     %    19.79580     +/-   0.3769509     % 
   21.37219     +/-   0.4275767     %    22.53006     +/-   0.4006334     % 
   23.30166     +/-   0.3866073     %    23.74522     +/-   0.3961014     % 
   23.99313     +/-   0.4061078     %    24.13192     +/-   0.4067545     % 
   24.20151     +/-   0.4021255     %    24.23550     +/-   0.4037812     % 
   24.25242     +/-   0.4041347     %    24.25916     +/-   0.4043103     % 
   24.26304     +/-   0.4048558     %    24.26676     +/-   0.4047962     % 
